\BOOKMARK [0][-]{chapter.1}{\376\377\000U\000s\000e\000r\000\040\000M\000a\000n\000u\000a\000l}{}% 1
\BOOKMARK [1][-]{section.1.1}{\376\377\000U\000s\000e\000r\000\040\000M\000a\000n\000u\000a\000l}{chapter.1}% 2
\BOOKMARK [2][-]{subsection.1.1.1}{\376\377\000O\000p\000i\000h\000i\000\040\000T\000e\000l\000e\000s\000c\000o\000p\000e}{section.1.1}% 3
\BOOKMARK [2][-]{subsection.1.1.2}{\376\377\000S\000y\000s\000t\000e\000m\000\040\000F\000r\000a\000m\000e\000w\000o\000r\000k}{section.1.1}% 4
\BOOKMARK [3][-]{subsubsection*.6}{\376\377\000E\000n\000g\000i\000n\000e\000s}{subsection.1.1.2}% 5
\BOOKMARK [4][-]{paragraph*.7}{\376\377\000V\000e\000h\000i\000c\000l\000e\000s\000\040\000a\000n\000d\000\040\000S\000o\000l\000u\000t\000i\000o\000n\000s}{subsubsection*.6}% 6
\BOOKMARK [2][-]{subsection.1.1.3}{\376\377\000C\000o\000m\000m\000a\000n\000d\000\040\000L\000i\000n\000e}{section.1.1}% 7
\BOOKMARK [3][-]{subsubsection*.8}{\376\377\000A\000v\000a\000i\000l\000a\000b\000l\000e\000\040\000A\000c\000t\000i\000o\000n\000s}{subsection.1.1.3}% 8
\BOOKMARK [4][-]{paragraph*.10}{\376\377\000M\000a\000n\000u\000a\000l}{subsubsection*.8}% 9
\BOOKMARK [4][-]{paragraph*.13}{\376\377\000A\000u\000t\000o\000m\000a\000t\000i\000c}{subsubsection*.8}% 10
\BOOKMARK [4][-]{paragraph*.17}{\376\377\000G\000e\000n\000e\000r\000a\000t\000e}{subsubsection*.8}% 11
\BOOKMARK [4][-]{paragraph*.20}{\376\377\000H\000e\000l\000p}{subsubsection*.8}% 12
\BOOKMARK [3][-]{subsubsection*.23}{\376\377\000A\000v\000a\000i\000l\000a\000b\000l\000e\000\040\000O\000p\000t\000i\000o\000n\000s}{subsection.1.1.3}% 13
\BOOKMARK [4][-]{paragraph*.25}{\376\377\000H\000e\000l\000p}{subsubsection*.23}% 14
\BOOKMARK [4][-]{paragraph*.27}{\376\377\000M\000a\000n\000u\000a\000l}{subsubsection*.23}% 15
\BOOKMARK [4][-]{paragraph*.29}{\376\377\000A\000u\000t\000o\000m\000a\000t\000i\000c}{subsubsection*.23}% 16
\BOOKMARK [4][-]{paragraph*.31}{\376\377\000C\000o\000n\000f\000i\000g\000u\000r\000a\000t\000i\000o\000n}{subsubsection*.23}% 17
\BOOKMARK [4][-]{paragraph*.33}{\376\377\000S\000e\000c\000r\000e\000t\000s}{subsubsection*.23}% 18
\BOOKMARK [4][-]{paragraph*.35}{\376\377\000O\000v\000e\000r\000w\000r\000i\000t\000e}{subsubsection*.23}% 19
\BOOKMARK [4][-]{paragraph*.37}{\376\377\000K\000e\000e\000p\000\040\000T\000e\000m\000p\000o\000r\000a\000r\000y}{subsubsection*.23}% 20
\BOOKMARK [2][-]{subsection.1.1.4}{\376\377\000M\000a\000n\000u\000a\000l\000\040\000M\000o\000d\000e}{section.1.1}% 21
\BOOKMARK [3][-]{subsubsection*.39}{\376\377\000G\000r\000a\000p\000h\000i\000c\000a\000l\000\040\000U\000s\000e\000r\000\040\000I\000n\000t\000e\000r\000f\000a\000c\000e}{subsection.1.1.4}% 22
\BOOKMARK [3][-]{subsubsection*.42}{\376\377\000P\000r\000o\000c\000e\000d\000u\000r\000e}{subsection.1.1.4}% 23
\BOOKMARK [4][-]{paragraph*.43}{\376\377\000S\000t\000a\000r\000t\000\040\000a\000n\000d\000\040\000O\000p\000e\000n\000\040\000G\000U\000I}{subsubsection*.42}% 24
\BOOKMARK [4][-]{paragraph*.44}{\376\377\000S\000p\000e\000c\000i\000f\000y\000\040\000N\000e\000w\000\040\000T\000a\000r\000g\000e\000t\000\040\000N\000a\000m\000e}{subsubsection*.42}% 25
\BOOKMARK [4][-]{paragraph*.45}{\376\377\000T\000a\000k\000e\000\040\000a\000n\000d\000\040\000I\000m\000a\000g\000e}{subsubsection*.42}% 26
\BOOKMARK [4][-]{paragraph*.46}{\376\377\000F\000i\000n\000d\000\040\000A\000s\000t\000e\000r\000o\000i\000d\000\040\000L\000o\000c\000a\000t\000i\000o\000n}{subsubsection*.42}% 27
\BOOKMARK [5][-]{subparagraph*.47}{\376\377\000T\000a\000r\000g\000e\000t\000\040\000S\000e\000l\000e\000c\000t\000o\000r\000\040\000G\000U\000I}{paragraph*.46}% 28
\BOOKMARK [4][-]{paragraph*.48}{\376\377\000C\000o\000m\000p\000u\000t\000e\000\040\000A\000s\000t\000r\000o\000m\000e\000t\000r\000i\000c\000\040\000S\000o\000l\000u\000t\000i\000o\000n}{subsubsection*.42}% 29
\BOOKMARK [4][-]{paragraph*.50}{\376\377\000C\000o\000m\000p\000u\000t\000e\000\040\000P\000h\000o\000t\000o\000m\000e\000t\000r\000i\000c\000\040\000S\000o\000l\000u\000t\000i\000o\000n}{subsubsection*.42}% 30
\BOOKMARK [4][-]{paragraph*.51}{\376\377\000A\000s\000t\000e\000r\000o\000i\000d\000\040\000O\000n\000-\000S\000k\000y\000\040\000P\000o\000s\000i\000t\000i\000o\000n}{subsubsection*.42}% 31
\BOOKMARK [4][-]{paragraph*.52}{\376\377\000H\000i\000s\000t\000o\000r\000i\000c\000a\000l\000\040\000O\000b\000s\000e\000r\000v\000a\000t\000i\000o\000n\000s}{subsubsection*.42}% 32
\BOOKMARK [4][-]{paragraph*.53}{\376\377\000A\000s\000t\000e\000r\000o\000i\000d\000\040\000O\000b\000s\000e\000r\000v\000a\000t\000i\000o\000n\000\040\000R\000e\000c\000o\000r\000d}{subsubsection*.42}% 33
\BOOKMARK [4][-]{paragraph*.54}{\376\377\000A\000s\000t\000e\000r\000o\000i\000d\000\040\000P\000o\000s\000i\000t\000i\000o\000n\000\040\000P\000r\000o\000p\000a\000g\000a\000t\000i\000o\000n}{subsubsection*.42}% 34
\BOOKMARK [4][-]{paragraph*.56}{\376\377\000O\000r\000b\000i\000t\000a\000l\000\040\000E\000l\000e\000m\000e\000n\000t\000s}{subsubsection*.42}% 35
\BOOKMARK [4][-]{paragraph*.57}{\376\377\000E\000p\000h\000e\000m\000e\000r\000i\000s}{subsubsection*.42}% 36
\BOOKMARK [4][-]{paragraph*.59}{\376\377\000A\000s\000t\000e\000r\000o\000i\000d\000\040\000O\000n\000-\000S\000k\000y\000\040\000F\000u\000t\000u\000r\000e\000\040\000T\000r\000a\000c\000k}{subsubsection*.42}% 37
\BOOKMARK [4][-]{paragraph*.60}{\376\377\000T\000e\000l\000e\000s\000c\000o\000p\000e\000\040\000C\000o\000n\000t\000r\000o\000l\000\040\000S\000o\000f\000t\000w\000a\000r\000e\000:\000\040\000U\000p\000d\000a\000t\000e}{subsubsection*.42}% 38
\BOOKMARK [2][-]{subsection.1.1.5}{\376\377\000A\000u\000t\000o\000m\000a\000t\000i\000c\000\040\000M\000o\000d\000e}{section.1.1}% 39
\BOOKMARK [3][-]{subsubsection*.61}{\376\377\000G\000r\000a\000p\000h\000i\000c\000a\000l\000\040\000U\000s\000e\000r\000\040\000I\000n\000t\000e\000r\000f\000a\000c\000e}{subsection.1.1.5}% 40
\BOOKMARK [3][-]{subsubsection*.62}{\376\377\000P\000r\000o\000c\000e\000d\000u\000r\000e}{subsection.1.1.5}% 41
\BOOKMARK [4][-]{paragraph*.63}{\376\377\000S\000t\000a\000r\000t\000\040\000a\000n\000d\000\040\000O\000p\000e\000n\000\040\000G\000U\000I}{subsubsection*.62}% 42
\BOOKMARK [4][-]{paragraph*.64}{\376\377\000S\000p\000e\000c\000i\000f\000y\000\040\000D\000a\000t\000a\000\040\000D\000i\000r\000e\000c\000t\000o\000r\000y}{subsubsection*.62}% 43
\BOOKMARK [4][-]{paragraph*.65}{\376\377\000S\000p\000e\000c\000i\000f\000y\000\040\000S\000o\000l\000v\000i\000n\000g\000\040\000E\000n\000g\000i\000n\000e\000s}{subsubsection*.62}% 44
\BOOKMARK [4][-]{paragraph*.66}{\376\377\000T\000r\000i\000g\000g\000e\000r\000\040\000C\000o\000n\000t\000i\000n\000u\000o\000u\000s\000\040\000I\000m\000a\000g\000e\000s}{subsubsection*.62}% 45
\BOOKMARK [4][-]{paragraph*.67}{\376\377\000T\000r\000i\000g\000g\000e\000r\000\040\000A\000u\000t\000o\000m\000a\000t\000i\000c\000\040\000S\000o\000l\000v\000i\000n\000g}{subsubsection*.62}% 46
\BOOKMARK [5][-]{subparagraph*.68}{\376\377\000T\000r\000i\000g\000g\000e\000r\000\040\000O\000n\000c\000e\000\040\000M\000a\000n\000u\000a\000l\000l\000y}{paragraph*.67}% 47
\BOOKMARK [4][-]{paragraph*.69}{\376\377\000D\000i\000s\000p\000l\000a\000y\000e\000d\000\040\000S\000t\000a\000t\000u\000s\000\040\000a\000n\000d\000\040\000R\000e\000s\000u\000l\000t\000s}{subsubsection*.62}% 48
\BOOKMARK [4][-]{paragraph*.70}{\376\377\000S\000t\000o\000p\000\040\000A\000u\000t\000o\000m\000a\000t\000i\000c\000\040\000S\000o\000l\000v\000i\000n\000g}{subsubsection*.62}% 49
\BOOKMARK [2][-]{subsection.1.1.6}{\376\377\000C\000o\000n\000f\000i\000g\000u\000r\000a\000t\000i\000o\000n}{section.1.1}% 50
\BOOKMARK [3][-]{subsubsection*.71}{\376\377\000S\000t\000a\000n\000d\000a\000r\000d\000\040\000C\000o\000n\000f\000i\000g\000u\000r\000a\000t\000i\000o\000n\000\040\000F\000i\000l\000e}{subsection.1.1.6}% 51
\BOOKMARK [3][-]{subsubsection*.73}{\376\377\000S\000e\000c\000r\000e\000t\000s\000\040\000C\000o\000n\000f\000i\000g\000u\000r\000a\000t\000i\000o\000n\000\040\000F\000i\000l\000e}{subsection.1.1.6}% 52
\BOOKMARK [2][-]{subsection.1.1.7}{\376\377\000R\000e\000c\000o\000r\000d\000i\000n\000g\000\040\000F\000I\000T\000S\000\040\000F\000i\000l\000e}{section.1.1}% 53
\BOOKMARK [3][-]{subsubsection*.75}{\376\377\000H\000e\000a\000d\000e\000r\000\040\000N\000a\000m\000i\000n\000g\000\040\000C\000o\000n\000v\000e\000n\000t\000i\000o\000n}{subsection.1.1.7}% 54
\BOOKMARK [2][-]{subsection.1.1.8}{\376\377\000T\000r\000o\000u\000b\000l\000e\000s\000h\000o\000o\000t\000i\000n\000g}{section.1.1}% 55
\BOOKMARK [3][-]{subsubsection*.76}{\376\377\000A\000u\000t\000o\000m\000a\000t\000i\000c\000\040\000M\000o\000d\000e\000\040\000S\000t\000o\000p\000\040\000B\000u\000t\000t\000o\000n\000\040\000N\000o\000t\000\040\000W\000o\000r\000k\000i\000n\000g}{subsection.1.1.8}% 56
\BOOKMARK [3][-]{subsubsection*.77}{\376\377\000P\000y\000S\000i\000d\000e\000\040\000G\000U\000I\000\040\000D\000o\000e\000s\000\040\000N\000o\000t\000\040\000M\000a\000t\000c\000h\000\040\000D\000o\000c\000u\000m\000e\000n\000t\000a\000t\000i\000o\000n\000\040\000o\000r\000\040\000U\000I\000\040\000F\000i\000l\000e\000s}{subsection.1.1.8}% 57
\BOOKMARK [2][-]{subsection.1.1.9}{\376\377\000C\000i\000t\000a\000t\000i\000o\000n\000s}{section.1.1}% 58
\BOOKMARK [3][-]{subsubsection*.78}{\376\377\000R\000e\000f\000e\000r\000e\000n\000c\000e\000s}{subsection.1.1.9}% 59
\BOOKMARK [4][-]{paragraph*.79}{\376\377\000N\000A\000S\000A\000\040\000I\000n\000f\000r\000a\000r\000e\000d\000\040\000T\000e\000l\000e\000s\000c\000o\000p\000e\000\040\000F\000a\000c\000i\000l\000i\000t\000y}{subsubsection*.78}% 60
\BOOKMARK [4][-]{paragraph*.80}{\376\377\000M\000A\000S\000T}{subsubsection*.78}% 61
\BOOKMARK [4][-]{paragraph*.81}{\376\377\000M\000i\000n\000o\000r\000\040\000P\000l\000a\000n\000e\000t\000\040\000C\000e\000n\000t\000e\000r}{subsubsection*.78}% 62
\BOOKMARK [4][-]{paragraph*.82}{\376\377\000S\000c\000i\000p\000y}{subsubsection*.78}% 63
\BOOKMARK [4][-]{paragraph*.84}{\376\377\000M\000a\000t\000p\000l\000o\000t\000l\000i\000b}{subsubsection*.78}% 64
\BOOKMARK [4][-]{paragraph*.86}{\376\377\000A\000s\000t\000r\000o\000p\000y}{subsubsection*.78}% 65
\BOOKMARK [4][-]{paragraph*.89}{\376\377\000N\000u\000m\000p\000y}{subsubsection*.78}% 66
\BOOKMARK [4][-]{paragraph*.91}{\376\377\000G\000a\000i\000a}{subsubsection*.78}% 67
\BOOKMARK [4][-]{paragraph*.94}{\376\377\000P\000a\000n\000-\000S\000T\000A\000R\000R\000S\0001}{subsubsection*.78}% 68
\BOOKMARK [4][-]{paragraph*.95}{\376\377\000J\000P\000L\000\040\000H\000o\000r\000i\000z\000o\000n\000s}{subsubsection*.78}% 69
\BOOKMARK [4][-]{paragraph*.100}{\376\377\000A\000s\000t\000r\000o\000m\000e\000t\000r\000y\000.\000n\000e\000t}{subsubsection*.78}% 70
\BOOKMARK [2][-]{subsection.1.1.10}{\376\377\000T\000r\000i\000v\000i\000a}{section.1.1}% 71
\BOOKMARK [3][-]{subsubsection*.103}{\376\377\000E\000t\000y\000m\000o\000l\000o\000g\000y\000\040\000o\000f\000\040\000O\000p\000i\000h\000i\000E\000x\000a\000r\000a\000t\000a}{subsection.1.1.10}% 72
\BOOKMARK [0][-]{chapter.2}{\376\377\000T\000e\000c\000h\000n\000i\000c\000a\000l\000\040\000M\000a\000n\000u\000a\000l}{}% 73
\BOOKMARK [1][-]{section.2.1}{\376\377\000T\000e\000c\000h\000n\000i\000c\000a\000l\000\040\000M\000a\000n\000u\000a\000l}{chapter.2}% 74
\BOOKMARK [2][-]{subsection.2.1.1}{\376\377\000I\000n\000s\000t\000a\000l\000l\000a\000t\000i\000o\000n}{section.2.1}% 75
\BOOKMARK [3][-]{subsubsection*.106}{\376\377\000A\000u\000t\000o\000m\000a\000t\000e\000d\000\040\000S\000c\000r\000i\000p\000t\000s}{subsection.2.1.1}% 76
\BOOKMARK [4][-]{paragraph*.108}{\376\377\000S\000c\000r\000i\000p\000t\000\040\000U\000s\000a\000g\000e}{subsubsection*.106}% 77
\BOOKMARK [3][-]{subsubsection*.109}{\376\377\000M\000a\000n\000u\000a\000l\000\040\000I\000n\000s\000t\000a\000l\000l\000a\000t\000i\000o\000n}{subsection.2.1.1}% 78
\BOOKMARK [4][-]{paragraph*.110}{\376\377\000I\000n\000s\000t\000a\000l\000l\000:\000\040\000D\000o\000w\000n\000l\000o\000a\000d}{subsubsection*.109}% 79
\BOOKMARK [5][-]{subparagraph*.112}{\376\377\000V\000i\000a\000\040\000g\000i\000t\000\040\000\050\000R\000e\000c\000o\000m\000m\000e\000n\000d\000e\000d\000\051}{paragraph*.110}% 80
\BOOKMARK [5][-]{subparagraph*.113}{\376\377\000V\000i\000a\000\040\000.\000z\000i\000p\000\040\000A\000r\000c\000h\000i\000v\000e}{paragraph*.110}% 81
\BOOKMARK [4][-]{paragraph*.114}{\376\377\000I\000n\000s\000t\000a\000l\000l\000:\000\040\000P\000y\000t\000h\000o\000n\000\040\000P\000a\000r\000t}{subsubsection*.109}% 82
\BOOKMARK [5][-]{subparagraph*.115}{\376\377\000D\000o\000w\000n\000l\000o\000a\000d}{paragraph*.114}% 83
\BOOKMARK [5][-]{subparagraph*.117}{\376\377\000B\000u\000i\000l\000d}{paragraph*.114}% 84
\BOOKMARK [5][-]{subparagraph*.118}{\376\377\000I\000n\000s\000t\000a\000l\000l}{paragraph*.114}% 85
\BOOKMARK [4][-]{paragraph*.119}{\376\377\000O\000p\000t\000i\000o\000n\000a\000l\000:\000\040\000D\000o\000c\000u\000m\000e\000n\000t\000a\000t\000i\000o\000n}{subsubsection*.109}% 86
\BOOKMARK [5][-]{subparagraph*.120}{\376\377\000P\000r\000e\000r\000e\000q\000u\000i\000s\000i\000t\000e\000s}{paragraph*.119}% 87
\BOOKMARK [5][-]{subparagraph*.121}{\376\377\000S\000p\000h\000i\000n\000x}{paragraph*.119}% 88
\BOOKMARK [5][-]{subparagraph*.122}{\376\377\000L\000a\000T\000e\000X}{paragraph*.119}% 89
\BOOKMARK [5][-]{subparagraph*.124}{\376\377\000D\000i\000r\000e\000c\000t\000o\000r\000y}{paragraph*.119}% 90
\BOOKMARK [5][-]{subparagraph*.125}{\376\377\000B\000u\000i\000l\000d}{paragraph*.119}% 91
\BOOKMARK [4][-]{paragraph*.127}{\376\377\000O\000p\000t\000i\000o\000n\000a\000l\000:\000\040\000W\000i\000n\000d\000o\000w\000s\000\040\000C\000o\000m\000p\000a\000t\000i\000b\000i\000l\000i\000t\000y}{subsubsection*.109}% 92
\BOOKMARK [5][-]{subparagraph*.128}{\376\377\000P\000o\000w\000e\000r\000s\000h\000e\000l\000l\000\040\000E\000x\000e\000c\000u\000t\000i\000o\000n\000\040\000P\000o\000l\000i\000c\000y}{paragraph*.127}% 93
\BOOKMARK [5][-]{subparagraph*.131}{\376\377\000W\000i\000n\000d\000o\000w\000s\000\040\000S\000u\000b\000s\000y\000s\000t\000e\000m\000\040\000f\000o\000r\000\040\000L\000i\000n\000u\000x}{paragraph*.127}% 94
\BOOKMARK [5][-]{subparagraph*.132}{\376\377\000M\000o\000d\000e\000r\000n\000\040\000I\000n\000s\000t\000a\000l\000l}{paragraph*.127}% 95
\BOOKMARK [5][-]{subparagraph*.134}{\376\377\000M\000a\000n\000u\000a\000l\000\040\000I\000n\000s\000t\000a\000l\000l}{paragraph*.127}% 96
\BOOKMARK [5][-]{subparagraph*.138}{\376\377\000V\000e\000r\000i\000f\000y}{paragraph*.127}% 97
\BOOKMARK [5][-]{subparagraph*.139}{\376\377\000F\000i\000n\000a\000l}{paragraph*.127}% 98
\BOOKMARK [4][-]{paragraph*.140}{\376\377\000I\000n\000s\000t\000a\000l\000l\000:\000\040\000O\000r\000b\000f\000i\000t}{subsubsection*.109}% 99
\BOOKMARK [5][-]{subparagraph*.142}{\376\377\000P\000r\000e\000r\000e\000q\000u\000i\000s\000i\000t\000e\000s}{paragraph*.140}% 100
\BOOKMARK [5][-]{subparagraph*.143}{\376\377\000D\000i\000r\000e\000c\000t\000o\000r\000y}{paragraph*.140}% 101
\BOOKMARK [5][-]{subparagraph*.144}{\376\377\000D\000e\000p\000e\000n\000d\000e\000n\000c\000i\000e\000s}{paragraph*.140}% 102
\BOOKMARK [5][-]{subparagraph*.145}{\376\377\000F\000o\000r\000t\000r\000a\000n\000\040\000C\000o\000m\000p\000i\000l\000e\000r}{paragraph*.140}% 103
\BOOKMARK [5][-]{subparagraph*.147}{\376\377\000I\000n\000s\000t\000a\000l\000l}{paragraph*.140}% 104
\BOOKMARK [5][-]{subparagraph*.148}{\376\377\000A\000P\000T\000\040\000P\000a\000c\000k\000a\000g\000e\000\040\000M\000a\000n\000a\000g\000e\000r\000s}{paragraph*.140}% 105
\BOOKMARK [5][-]{subparagraph*.149}{\376\377\000Y\000U\000M\000,\000\040\000D\000N\000F\000,\000\040\000Z\000y\000p\000p\000e\000r\000\040\000P\000a\000c\000k\000a\000g\000e\000\040\000M\000a\000n\000a\000g\000e\000r\000s}{paragraph*.140}% 106
\BOOKMARK [5][-]{subparagraph*.150}{\376\377\000E\000n\000v\000i\000r\000o\000n\000m\000e\000n\000t\000\040\000V\000a\000r\000i\000a\000b\000l\000e\000s}{paragraph*.140}% 107
\BOOKMARK [5][-]{subparagraph*.151}{\376\377\000D\000o\000w\000n\000l\000o\000a\000d\000\040\000O\000r\000b\000F\000i\000t}{paragraph*.140}% 108
\BOOKMARK [5][-]{subparagraph*.153}{\376\377\000C\000o\000m\000p\000i\000l\000e}{paragraph*.140}% 109
\BOOKMARK [5][-]{subparagraph*.155}{\376\377\000D\000o\000w\000n\000l\000o\000a\000d\000\040\000J\000P\000L\000\040\000E\000p\000h\000e\000m\000e\000r\000i\000d\000e\000s\000\040\000F\000i\000l\000e}{paragraph*.140}% 110
\BOOKMARK [5][-]{subparagraph*.158}{\376\377\000T\000e\000s\000t\000i\000n\000g\000\040\000S\000u\000i\000t\000e}{paragraph*.140}% 111
\BOOKMARK [5][-]{subparagraph*.159}{\376\377\000E\000x\000e\000c\000u\000t\000a\000b\000l\000e\000\040\000P\000a\000t\000h\000\040\000f\000o\000r\000\040\000C\000o\000n\000f\000i\000g\000u\000r\000a\000t\000i\000o\000n\000\040\000F\000i\000l\000e}{paragraph*.140}% 112
\BOOKMARK [5][-]{subparagraph*.160}{\376\377\000O\000p\000i\000h\000i\000E\000x\000a\000r\000a\000t\000a\000\040\000T\000e\000m\000p\000l\000a\000t\000e\000\040\000F\000i\000l\000e\000s}{paragraph*.140}% 113
\BOOKMARK [2][-]{subsection.2.1.2}{\376\377\000A\000r\000c\000h\000i\000t\000e\000c\000t\000u\000r\000e}{section.2.1}% 114
\BOOKMARK [3][-]{subsubsection*.161}{\376\377\000S\000e\000r\000v\000i\000c\000e\000s\000\040\000a\000n\000d\000\040\000E\000n\000g\000i\000n\000e\000s}{subsection.2.1.2}% 115
\BOOKMARK [4][-]{paragraph*.162}{\376\377\000A\000s\000t\000r\000o\000m\000e\000t\000r\000y\000E\000n\000g\000i\000n\000e\000s}{subsubsection*.161}% 116
\BOOKMARK [5][-]{subparagraph*.163}{\376\377\000A\000s\000t\000r\000o\000m\000e\000t\000r\000y\000.\000n\000e\000t\000\040\000N\000o\000v\000a}{paragraph*.162}% 117
\BOOKMARK [4][-]{paragraph*.166}{\376\377\000P\000h\000o\000t\000o\000m\000e\000t\000r\000y\000E\000n\000g\000i\000n\000e\000s}{subsubsection*.161}% 118
\BOOKMARK [5][-]{subparagraph*.167}{\376\377\000P\000a\000n\000-\000S\000T\000A\000R\000R\000S\000\040\0003\000p\000i\000\040\000D\000R\0002\000\040\000M\000A\000S\000T}{paragraph*.166}% 119
\BOOKMARK [4][-]{paragraph*.169}{\376\377\000O\000r\000b\000i\000t\000E\000n\000g\000i\000n\000e\000s}{subsubsection*.161}% 120
\BOOKMARK [5][-]{subparagraph*.170}{\376\377\000O\000r\000b\000F\000i\000t}{paragraph*.169}% 121
\BOOKMARK [5][-]{subparagraph*.172}{\376\377\000C\000u\000s\000t\000o\000m\000\040\000O\000r\000b\000i\000t}{paragraph*.169}% 122
\BOOKMARK [4][-]{paragraph*.173}{\376\377\000E\000p\000h\000e\000m\000e\000r\000i\000s\000E\000n\000g\000i\000n\000e\000s}{subsubsection*.161}% 123
\BOOKMARK [5][-]{subparagraph*.174}{\376\377\000J\000P\000L\000\040\000H\000o\000r\000i\000z\000o\000n\000s}{paragraph*.173}% 124
\BOOKMARK [4][-]{paragraph*.178}{\376\377\000P\000r\000o\000p\000a\000g\000a\000t\000i\000o\000n\000E\000n\000g\000i\000n\000e}{subsubsection*.161}% 125
\BOOKMARK [5][-]{subparagraph*.179}{\376\377\000L\000i\000n\000e\000a\000r}{paragraph*.178}% 126
\BOOKMARK [5][-]{subparagraph*.180}{\376\377\000Q\000u\000a\000d\000r\000a\000t\000i\000c}{paragraph*.178}% 127
\BOOKMARK [3][-]{subsubsection*.181}{\376\377\000V\000e\000h\000i\000c\000l\000e\000s\000\040\000a\000n\000d\000\040\000S\000o\000l\000u\000t\000i\000o\000n\000s}{subsection.2.1.2}% 128
\BOOKMARK [4][-]{paragraph*.182}{\376\377\000V\000e\000h\000i\000c\000l\000e\000s}{subsubsection*.181}% 129
\BOOKMARK [5][-]{subparagraph*.183}{\376\377\000A\000s\000t\000r\000o\000m\000e\000t\000r\000y\000\040\000V\000e\000h\000i\000c\000l\000e\000\040\000F\000u\000n\000c\000t\000i\000o\000n\000s}{paragraph*.182}% 130
\BOOKMARK [5][-]{subparagraph*.185}{\376\377\000P\000h\000o\000t\000o\000m\000e\000t\000r\000y\000\040\000V\000e\000h\000i\000c\000l\000e\000\040\000F\000u\000n\000c\000t\000i\000o\000n\000s}{paragraph*.182}% 131
\BOOKMARK [5][-]{subparagraph*.186}{\376\377\000O\000r\000b\000i\000t\000\040\000V\000e\000h\000i\000c\000l\000e\000\040\000F\000u\000n\000c\000t\000i\000o\000n\000s}{paragraph*.182}% 132
\BOOKMARK [5][-]{subparagraph*.187}{\376\377\000E\000p\000h\000e\000m\000e\000r\000i\000s\000\040\000V\000e\000h\000i\000c\000l\000e\000\040\000F\000u\000n\000c\000t\000i\000o\000n\000s}{paragraph*.182}% 133
\BOOKMARK [5][-]{subparagraph*.188}{\376\377\000P\000r\000o\000p\000a\000g\000a\000t\000i\000o\000n\000\040\000V\000e\000h\000i\000c\000l\000e\000\040\000F\000u\000n\000c\000t\000i\000o\000n\000s}{paragraph*.182}% 134
\BOOKMARK [4][-]{paragraph*.189}{\376\377\000S\000o\000l\000u\000t\000i\000o\000n}{subsubsection*.181}% 135
\BOOKMARK [5][-]{subparagraph*.190}{\376\377\000O\000p\000i\000h\000i\000S\000o\000l\000u\000t\000i\000o\000n}{paragraph*.189}% 136
\BOOKMARK [5][-]{subparagraph*.191}{\376\377\000A\000s\000t\000r\000o\000m\000e\000t\000r\000y\000S\000o\000l\000u\000t\000i\000o\000n}{paragraph*.189}% 137
\BOOKMARK [5][-]{subparagraph*.192}{\376\377\000P\000h\000o\000t\000o\000m\000e\000t\000r\000y\000S\000o\000l\000u\000t\000i\000o\000n}{paragraph*.189}% 138
\BOOKMARK [5][-]{subparagraph*.193}{\376\377\000O\000r\000b\000i\000t\000a\000l\000S\000o\000l\000u\000t\000i\000o\000n}{paragraph*.189}% 139
\BOOKMARK [5][-]{subparagraph*.195}{\376\377\000E\000p\000h\000e\000m\000e\000r\000i\000t\000i\000c\000S\000o\000l\000u\000t\000i\000o\000n}{paragraph*.189}% 140
\BOOKMARK [5][-]{subparagraph*.196}{\376\377\000P\000r\000o\000p\000a\000g\000a\000t\000i\000v\000e\000S\000o\000l\000u\000t\000i\000o\000n}{paragraph*.189}% 141
\BOOKMARK [5][-]{subparagraph*.197}{\376\377\000P\000r\000e\000p\000r\000o\000c\000e\000s\000s\000S\000o\000l\000u\000t\000i\000o\000n}{paragraph*.189}% 142
\BOOKMARK [3][-]{subsubsection*.199}{\376\377\000L\000i\000b\000r\000a\000r\000y}{subsection.2.1.2}% 143
\BOOKMARK [4][-]{paragraph*.200}{\376\377\000C\000o\000n\000f\000i\000g\000u\000r\000a\000t\000i\000o\000n}{subsubsection*.199}% 144
\BOOKMARK [4][-]{paragraph*.201}{\376\377\000C\000o\000n\000v\000e\000r\000s\000i\000o\000n}{subsubsection*.199}% 145
\BOOKMARK [4][-]{paragraph*.202}{\376\377\000E\000n\000g\000i\000n\000e\000s}{subsubsection*.199}% 146
\BOOKMARK [4][-]{paragraph*.203}{\376\377\000E\000r\000r\000o\000r}{subsubsection*.199}% 147
\BOOKMARK [4][-]{paragraph*.204}{\376\377\000F\000I\000T\000S\000\040\000F\000i\000l\000e\000\040\000H\000a\000n\000d\000i\000n\000g}{subsubsection*.199}% 148
\BOOKMARK [4][-]{paragraph*.205}{\376\377\000T\000y\000p\000e\000\040\000H\000i\000n\000t\000i\000n\000g}{subsubsection*.199}% 149
\BOOKMARK [4][-]{paragraph*.208}{\376\377\000H\000T\000T\000P\000\040\000C\000a\000l\000l\000s}{subsubsection*.199}% 150
\BOOKMARK [4][-]{paragraph*.209}{\376\377\000I\000m\000a\000g\000e\000\040\000A\000r\000r\000a\000y\000\040\000P\000r\000o\000c\000e\000s\000s\000i\000n\000g}{subsubsection*.199}% 151
\BOOKMARK [4][-]{paragraph*.210}{\376\377\000J\000S\000O\000N\000\040\000P\000a\000r\000s\000i\000n\000g}{subsubsection*.199}% 152
\BOOKMARK [4][-]{paragraph*.211}{\376\377\000M\000i\000n\000o\000r\000\040\000P\000l\000a\000n\000e\000t\000\040\000C\000e\000n\000t\000e\000r\000\040\000R\000e\000c\000o\000r\000d\000s}{subsubsection*.199}% 153
\BOOKMARK [4][-]{paragraph*.215}{\376\377\000F\000i\000l\000e\000\040\000a\000n\000d\000\040\000D\000i\000r\000e\000c\000t\000o\000r\000y\000\040\000P\000a\000t\000h\000\040\000M\000a\000n\000i\000p\000u\000l\000a\000t\000i\000o\000n\000s}{subsubsection*.199}% 154
\BOOKMARK [4][-]{paragraph*.216}{\376\377\000P\000h\000o\000t\000o\000m\000e\000t\000r\000i\000c\000\040\000a\000n\000d\000\040\000A\000s\000t\000r\000o\000m\000e\000t\000r\000i\000c\000\040\000D\000a\000t\000a\000\040\000H\000a\000n\000d\000i\000n\000g\000\040\000T\000a\000b\000l\000e}{subsubsection*.199}% 155
\BOOKMARK [4][-]{paragraph*.217}{\376\377\000T\000e\000l\000e\000s\000c\000o\000p\000e\000\040\000C\000o\000n\000t\000r\000o\000l\000\040\000S\000o\000f\000t\000w\000a\000r\000e}{subsubsection*.199}% 156
\BOOKMARK [4][-]{paragraph*.218}{\376\377\000T\000e\000m\000p\000o\000r\000a\000r\000y\000\040\000D\000i\000r\000e\000c\000t\000o\000r\000y}{subsubsection*.199}% 157
\BOOKMARK [3][-]{subsubsection*.219}{\376\377\000G\000r\000a\000p\000h\000i\000c\000a\000l\000\040\000U\000s\000e\000r\000\040\000I\000n\000t\000e\000r\000f\000a\000c\000e}{subsection.2.1.2}% 158
\BOOKMARK [4][-]{paragraph*.220}{\376\377\000Q\000t\000\040\000D\000e\000s\000i\000g\000n\000e\000r}{subsubsection*.219}% 159
\BOOKMARK [4][-]{paragraph*.223}{\376\377\000B\000u\000i\000l\000d\000i\000n\000g\000\040\000U\000I\000\040\000F\000i\000l\000e\000s}{subsubsection*.219}% 160
\BOOKMARK [2][-]{subsection.2.1.3}{\376\377\000C\000o\000n\000v\000e\000n\000t\000i\000o\000n\000s}{section.2.1}% 161
\BOOKMARK [3][-]{subsubsection*.225}{\376\377\000S\000k\000y\000-\000C\000o\000o\000r\000d\000i\000n\000a\000t\000e\000\040\000S\000y\000s\000t\000e\000m\000s}{subsection.2.1.3}% 162
\BOOKMARK [3][-]{subsubsection*.226}{\376\377\000U\000n\000i\000t\000s}{subsection.2.1.3}% 163
\BOOKMARK [3][-]{subsubsection*.227}{\376\377\000C\000o\000d\000e\000\040\000S\000t\000y\000l\000e}{subsection.2.1.3}% 164
\BOOKMARK [4][-]{paragraph*.228}{\376\377\000F\000o\000r\000m\000a\000t\000t\000i\000n\000g\000\040\000S\000t\000y\000l\000e}{subsubsection*.227}% 165
\BOOKMARK [4][-]{paragraph*.230}{\376\377\000T\000y\000p\000e\000\040\000H\000i\000n\000t\000i\000n\000g}{subsubsection*.227}% 166
\BOOKMARK [3][-]{subsubsection*.233}{\376\377\000D\000o\000c\000u\000m\000e\000n\000t\000a\000t\000i\000o\000n\000\040\000F\000i\000l\000e\000s}{subsection.2.1.3}% 167
\BOOKMARK [4][-]{paragraph*.234}{\376\377\000M\000a\000i\000n\000\040\000B\000o\000d\000y\000\040\000F\000i\000l\000e\000s}{subsubsection*.233}% 168
\BOOKMARK [4][-]{paragraph*.237}{\376\377\000I\000m\000a\000g\000e\000\040\000F\000i\000l\000e\000s}{subsubsection*.233}% 169
\BOOKMARK [4][-]{paragraph*.238}{\376\377\000P\000y\000t\000h\000o\000n\000\040\000D\000o\000c\000s\000t\000r\000i\000n\000g\000s}{subsubsection*.233}% 170
\BOOKMARK [2][-]{subsection.2.1.4}{\376\377\000A\000l\000g\000o\000r\000i\000t\000h\000m\000s}{section.2.1}% 171
\BOOKMARK [3][-]{subsubsection*.241}{\376\377\000P\000h\000o\000t\000o\000m\000e\000t\000r\000i\000c\000\040\000Z\000e\000r\000o\000\040\000P\000o\000i\000n\000t}{subsection.2.1.4}% 172
\BOOKMARK [4][-]{paragraph*.242}{\376\377\000C\000a\000l\000c\000u\000l\000a\000t\000i\000n\000g\000\040\000M\000a\000g\000n\000i\000t\000u\000d\000e}{subsubsection*.241}% 173
\BOOKMARK [4][-]{paragraph*.243}{\376\377\000F\000i\000l\000t\000e\000r\000i\000n\000g\000\040\000C\000o\000n\000s\000i\000d\000e\000r\000a\000t\000i\000o\000n\000s}{subsubsection*.241}% 174
\BOOKMARK [5][-]{subparagraph*.244}{\376\377\000L\000i\000m\000i\000t\000i\000n\000g\000\040\000b\000y\000\040\000M\000a\000g\000n\000i\000t\000u\000d\000e}{paragraph*.243}% 175
\BOOKMARK [3][-]{subsubsection*.245}{\376\377\000P\000o\000l\000y\000n\000o\000m\000i\000a\000l\000\040\000P\000r\000o\000p\000a\000g\000a\000t\000i\000o\000n}{subsection.2.1.4}% 176
\BOOKMARK [4][-]{paragraph*.246}{\376\377\000C\000o\000o\000r\000d\000i\000n\000a\000t\000e\000\040\000C\000o\000n\000v\000e\000r\000s\000i\000o\000n}{subsubsection*.245}% 177
\BOOKMARK [4][-]{paragraph*.247}{\376\377\000F\000i\000t\000t\000i\000n\000g\000\040\000C\000o\000o\000r\000d\000i\000n\000a\000t\000e\000s}{subsubsection*.245}% 178
\BOOKMARK [5][-]{subparagraph*.248}{\376\377\000W\000r\000a\000p\000\040\000A\000r\000o\000u\000n\000d}{paragraph*.247}% 179
\BOOKMARK [3][-]{subsubsection*.249}{\376\377\000S\000p\000h\000e\000r\000i\000c\000a\000l\000\040\000K\000i\000n\000e\000m\000a\000t\000i\000c\000s}{subsection.2.1.4}% 180
\BOOKMARK [4][-]{paragraph*.250}{\376\377\000D\000e\000f\000i\000n\000i\000t\000i\000o\000n\000s}{subsubsection*.249}% 181
\BOOKMARK [4][-]{paragraph*.252}{\376\377\000D\000e\000r\000i\000v\000i\000n\000g\000\040\000R\000a\000t\000e\000s}{subsubsection*.249}% 182
\BOOKMARK [4][-]{paragraph*.253}{\376\377\000S\000p\000h\000e\000r\000i\000c\000a\000l\000\040\000M\000o\000t\000i\000o\000n}{subsubsection*.249}% 183
\BOOKMARK [4][-]{paragraph*.254}{\376\377\000C\000e\000l\000e\000s\000t\000i\000a\000l\000\040\000S\000p\000h\000e\000r\000e}{subsubsection*.249}% 184
\BOOKMARK [4][-]{paragraph*.255}{\376\377\000L\000e\000m\000m\000a\000s}{subsubsection*.249}% 185
\BOOKMARK [5][-]{subparagraph*.256}{\376\377\000D\000e\000r\000i\000v\000a\000t\000i\000o\000n\000\040\000o\000f\000\040\000V\000e\000c\000t\000o\000r\000\040\000E\000q\000u\000a\000t\000i\000o\000n\000\040\000o\000f\000\040\000M\000o\000t\000i\000o\000n}{paragraph*.255}% 186
\BOOKMARK [2][-]{subsection.2.1.5}{\376\377\000L\000i\000c\000e\000n\000s\000e}{section.2.1}% 187
\BOOKMARK [0][-]{chapter.3}{\376\377\000C\000o\000d\000e\000\040\000M\000a\000n\000u\000a\000l}{}% 188
\BOOKMARK [1][-]{section.3.1}{\376\377\000o\000p\000i\000h\000i\000e\000x\000a\000r\000a\000t\000a}{chapter.3}% 189
\BOOKMARK [2][-]{subsection.3.1.1}{\376\377\000o\000p\000i\000h\000i\000e\000x\000a\000r\000a\000t\000a\000\040\000p\000a\000c\000k\000a\000g\000e}{section.3.1}% 190
\BOOKMARK [3][-]{subsubsection*.267}{\376\377\000S\000u\000b\000p\000a\000c\000k\000a\000g\000e\000s}{subsection.3.1.1}% 191
\BOOKMARK [4][-]{paragraph*.268}{\376\377\000o\000p\000i\000h\000i\000e\000x\000a\000r\000a\000t\000a\000.\000a\000s\000t\000r\000o\000m\000e\000t\000r\000y\000\040\000p\000a\000c\000k\000a\000g\000e}{subsubsection*.267}% 192
\BOOKMARK [5][-]{subparagraph*.269}{\376\377\000S\000u\000b\000m\000o\000d\000u\000l\000e\000s}{paragraph*.268}% 193
\BOOKMARK [5][-]{subparagraph*.270}{\376\377\000o\000p\000i\000h\000i\000e\000x\000a\000r\000a\000t\000a\000.\000a\000s\000t\000r\000o\000m\000e\000t\000r\000y\000.\000s\000o\000l\000u\000t\000i\000o\000n\000\040\000m\000o\000d\000u\000l\000e}{paragraph*.268}% 194
\BOOKMARK [5][-]{subparagraph*.295}{\376\377\000o\000p\000i\000h\000i\000e\000x\000a\000r\000a\000t\000a\000.\000a\000s\000t\000r\000o\000m\000e\000t\000r\000y\000.\000w\000e\000b\000c\000l\000i\000e\000n\000t\000\040\000m\000o\000d\000u\000l\000e}{paragraph*.268}% 195
\BOOKMARK [5][-]{subparagraph*.326}{\376\377\000M\000o\000d\000u\000l\000e\000\040\000c\000o\000n\000t\000e\000n\000t\000s}{paragraph*.268}% 196
\BOOKMARK [4][-]{paragraph*.327}{\376\377\000o\000p\000i\000h\000i\000e\000x\000a\000r\000a\000t\000a\000.\000e\000p\000h\000e\000m\000e\000r\000i\000s\000\040\000p\000a\000c\000k\000a\000g\000e}{subsubsection*.267}% 197
\BOOKMARK [5][-]{subparagraph*.328}{\376\377\000S\000u\000b\000m\000o\000d\000u\000l\000e\000s}{paragraph*.327}% 198
\BOOKMARK [5][-]{subparagraph*.329}{\376\377\000o\000p\000i\000h\000i\000e\000x\000a\000r\000a\000t\000a\000.\000e\000p\000h\000e\000m\000e\000r\000i\000s\000.\000j\000p\000l\000h\000o\000r\000i\000z\000o\000n\000s\000\040\000m\000o\000d\000u\000l\000e}{paragraph*.327}% 199
\BOOKMARK [5][-]{subparagraph*.347}{\376\377\000o\000p\000i\000h\000i\000e\000x\000a\000r\000a\000t\000a\000.\000e\000p\000h\000e\000m\000e\000r\000i\000s\000.\000s\000o\000l\000u\000t\000i\000o\000n\000\040\000m\000o\000d\000u\000l\000e}{paragraph*.327}% 200
\BOOKMARK [5][-]{subparagraph*.360}{\376\377\000M\000o\000d\000u\000l\000e\000\040\000c\000o\000n\000t\000e\000n\000t\000s}{paragraph*.327}% 201
\BOOKMARK [4][-]{paragraph*.361}{\376\377\000o\000p\000i\000h\000i\000e\000x\000a\000r\000a\000t\000a\000.\000g\000u\000i\000\040\000p\000a\000c\000k\000a\000g\000e}{subsubsection*.267}% 202
\BOOKMARK [5][-]{subparagraph*.362}{\376\377\000S\000u\000b\000p\000a\000c\000k\000a\000g\000e\000s}{paragraph*.361}% 203
\BOOKMARK [5][-]{subparagraph*.363}{\376\377\000o\000p\000i\000h\000i\000e\000x\000a\000r\000a\000t\000a\000.\000g\000u\000i\000.\000q\000t\000u\000i\000\040\000p\000a\000c\000k\000a\000g\000e}{paragraph*.361}% 204
\BOOKMARK [5][-]{subparagraph*.364}{\376\377\000S\000u\000b\000m\000o\000d\000u\000l\000e\000s}{paragraph*.361}% 205
\BOOKMARK [5][-]{subparagraph*.365}{\376\377\000o\000p\000i\000h\000i\000e\000x\000a\000r\000a\000t\000a\000.\000g\000u\000i\000.\000q\000t\000u\000i\000.\000q\000t\000u\000i\000\137\000a\000u\000t\000o\000m\000a\000t\000i\000c\000\040\000m\000o\000d\000u\000l\000e}{paragraph*.361}% 206
\BOOKMARK [5][-]{subparagraph*.369}{\376\377\000o\000p\000i\000h\000i\000e\000x\000a\000r\000a\000t\000a\000.\000g\000u\000i\000.\000q\000t\000u\000i\000.\000q\000t\000u\000i\000\137\000m\000a\000n\000u\000a\000l\000\040\000m\000o\000d\000u\000l\000e}{paragraph*.361}% 207
\BOOKMARK [5][-]{subparagraph*.373}{\376\377\000o\000p\000i\000h\000i\000e\000x\000a\000r\000a\000t\000a\000.\000g\000u\000i\000.\000q\000t\000u\000i\000.\000q\000t\000u\000i\000\137\000s\000e\000l\000e\000c\000t\000o\000r\000\040\000m\000o\000d\000u\000l\000e}{paragraph*.361}% 208
\BOOKMARK [5][-]{subparagraph*.377}{\376\377\000M\000o\000d\000u\000l\000e\000\040\000c\000o\000n\000t\000e\000n\000t\000s}{paragraph*.361}% 209
\BOOKMARK [5][-]{subparagraph*.378}{\376\377\000S\000u\000b\000m\000o\000d\000u\000l\000e\000s}{paragraph*.361}% 210
\BOOKMARK [5][-]{subparagraph*.379}{\376\377\000o\000p\000i\000h\000i\000e\000x\000a\000r\000a\000t\000a\000.\000g\000u\000i\000.\000a\000u\000t\000o\000m\000a\000t\000i\000c\000\040\000m\000o\000d\000u\000l\000e}{paragraph*.361}% 211
\BOOKMARK [5][-]{subparagraph*.398}{\376\377\000o\000p\000i\000h\000i\000e\000x\000a\000r\000a\000t\000a\000.\000g\000u\000i\000.\000f\000u\000n\000c\000t\000i\000o\000n\000s\000\040\000m\000o\000d\000u\000l\000e}{paragraph*.361}% 212
\BOOKMARK [5][-]{subparagraph*.401}{\376\377\000o\000p\000i\000h\000i\000e\000x\000a\000r\000a\000t\000a\000.\000g\000u\000i\000.\000m\000a\000n\000u\000a\000l\000\040\000m\000o\000d\000u\000l\000e}{paragraph*.361}% 213
\BOOKMARK [5][-]{subparagraph*.443}{\376\377\000o\000p\000i\000h\000i\000e\000x\000a\000r\000a\000t\000a\000.\000g\000u\000i\000.\000n\000a\000m\000e\000\040\000m\000o\000d\000u\000l\000e}{paragraph*.361}% 214
\BOOKMARK [5][-]{subparagraph*.450}{\376\377\000o\000p\000i\000h\000i\000e\000x\000a\000r\000a\000t\000a\000.\000g\000u\000i\000.\000s\000e\000l\000e\000c\000t\000o\000r\000\040\000m\000o\000d\000u\000l\000e}{paragraph*.361}% 215
\BOOKMARK [5][-]{subparagraph*.479}{\376\377\000M\000o\000d\000u\000l\000e\000\040\000c\000o\000n\000t\000e\000n\000t\000s}{paragraph*.361}% 216
\BOOKMARK [4][-]{paragraph*.480}{\376\377\000o\000p\000i\000h\000i\000e\000x\000a\000r\000a\000t\000a\000.\000l\000i\000b\000r\000a\000r\000y\000\040\000p\000a\000c\000k\000a\000g\000e}{subsubsection*.267}% 217
\BOOKMARK [5][-]{subparagraph*.481}{\376\377\000S\000u\000b\000m\000o\000d\000u\000l\000e\000s}{paragraph*.480}% 218
\BOOKMARK [5][-]{subparagraph*.482}{\376\377\000o\000p\000i\000h\000i\000e\000x\000a\000r\000a\000t\000a\000.\000l\000i\000b\000r\000a\000r\000y\000.\000c\000o\000n\000f\000i\000g\000\040\000m\000o\000d\000u\000l\000e}{paragraph*.480}% 219
\BOOKMARK [5][-]{subparagraph*.487}{\376\377\000o\000p\000i\000h\000i\000e\000x\000a\000r\000a\000t\000a\000.\000l\000i\000b\000r\000a\000r\000y\000.\000c\000o\000n\000v\000e\000r\000s\000i\000o\000n\000\040\000m\000o\000d\000u\000l\000e}{paragraph*.480}% 220
\BOOKMARK [5][-]{subparagraph*.503}{\376\377\000o\000p\000i\000h\000i\000e\000x\000a\000r\000a\000t\000a\000.\000l\000i\000b\000r\000a\000r\000y\000.\000e\000n\000g\000i\000n\000e\000\040\000m\000o\000d\000u\000l\000e}{paragraph*.480}% 221
\BOOKMARK [5][-]{subparagraph*.511}{\376\377\000o\000p\000i\000h\000i\000e\000x\000a\000r\000a\000t\000a\000.\000l\000i\000b\000r\000a\000r\000y\000.\000e\000r\000r\000o\000r\000\040\000m\000o\000d\000u\000l\000e}{paragraph*.480}% 222
\BOOKMARK [5][-]{subparagraph*.534}{\376\377\000o\000p\000i\000h\000i\000e\000x\000a\000r\000a\000t\000a\000.\000l\000i\000b\000r\000a\000r\000y\000.\000f\000i\000t\000s\000\040\000m\000o\000d\000u\000l\000e}{paragraph*.480}% 223
\BOOKMARK [5][-]{subparagraph*.543}{\376\377\000o\000p\000i\000h\000i\000e\000x\000a\000r\000a\000t\000a\000.\000l\000i\000b\000r\000a\000r\000y\000.\000h\000i\000n\000t\000\040\000m\000o\000d\000u\000l\000e}{paragraph*.480}% 224
\BOOKMARK [5][-]{subparagraph*.544}{\376\377\000o\000p\000i\000h\000i\000e\000x\000a\000r\000a\000t\000a\000.\000l\000i\000b\000r\000a\000r\000y\000.\000h\000t\000t\000p\000\040\000m\000o\000d\000u\000l\000e}{paragraph*.480}% 225
\BOOKMARK [5][-]{subparagraph*.548}{\376\377\000o\000p\000i\000h\000i\000e\000x\000a\000r\000a\000t\000a\000.\000l\000i\000b\000r\000a\000r\000y\000.\000i\000m\000a\000g\000e\000\040\000m\000o\000d\000u\000l\000e}{paragraph*.480}% 226
\BOOKMARK [5][-]{subparagraph*.563}{\376\377\000o\000p\000i\000h\000i\000e\000x\000a\000r\000a\000t\000a\000.\000l\000i\000b\000r\000a\000r\000y\000.\000j\000s\000o\000n\000\040\000m\000o\000d\000u\000l\000e}{paragraph*.480}% 227
\BOOKMARK [5][-]{subparagraph*.566}{\376\377\000o\000p\000i\000h\000i\000e\000x\000a\000r\000a\000t\000a\000.\000l\000i\000b\000r\000a\000r\000y\000.\000m\000p\000c\000r\000e\000c\000o\000r\000d\000\040\000m\000o\000d\000u\000l\000e}{paragraph*.480}% 228
\BOOKMARK [5][-]{subparagraph*.570}{\376\377\000o\000p\000i\000h\000i\000e\000x\000a\000r\000a\000t\000a\000.\000l\000i\000b\000r\000a\000r\000y\000.\000p\000a\000t\000h\000\040\000m\000o\000d\000u\000l\000e}{paragraph*.480}% 229
\BOOKMARK [5][-]{subparagraph*.578}{\376\377\000o\000p\000i\000h\000i\000e\000x\000a\000r\000a\000t\000a\000.\000l\000i\000b\000r\000a\000r\000y\000.\000p\000h\000o\000t\000o\000t\000a\000b\000l\000e\000\040\000m\000o\000d\000u\000l\000e}{paragraph*.480}% 230
\BOOKMARK [5][-]{subparagraph*.581}{\376\377\000o\000p\000i\000h\000i\000e\000x\000a\000r\000a\000t\000a\000.\000l\000i\000b\000r\000a\000r\000y\000.\000t\000c\000s\000\040\000m\000o\000d\000u\000l\000e}{paragraph*.480}% 231
\BOOKMARK [5][-]{subparagraph*.586}{\376\377\000o\000p\000i\000h\000i\000e\000x\000a\000r\000a\000t\000a\000.\000l\000i\000b\000r\000a\000r\000y\000.\000t\000e\000m\000p\000o\000r\000a\000r\000y\000\040\000m\000o\000d\000u\000l\000e}{paragraph*.480}% 232
\BOOKMARK [5][-]{subparagraph*.591}{\376\377\000M\000o\000d\000u\000l\000e\000\040\000c\000o\000n\000t\000e\000n\000t\000s}{paragraph*.480}% 233
\BOOKMARK [4][-]{paragraph*.592}{\376\377\000o\000p\000i\000h\000i\000e\000x\000a\000r\000a\000t\000a\000.\000o\000p\000i\000h\000i\000\040\000p\000a\000c\000k\000a\000g\000e}{subsubsection*.267}% 234
\BOOKMARK [5][-]{subparagraph*.593}{\376\377\000S\000u\000b\000m\000o\000d\000u\000l\000e\000s}{paragraph*.592}% 235
\BOOKMARK [5][-]{subparagraph*.594}{\376\377\000o\000p\000i\000h\000i\000e\000x\000a\000r\000a\000t\000a\000.\000o\000p\000i\000h\000i\000.\000p\000r\000e\000p\000r\000o\000c\000e\000s\000s\000\040\000m\000o\000d\000u\000l\000e}{paragraph*.592}% 236
\BOOKMARK [5][-]{subparagraph*.624}{\376\377\000o\000p\000i\000h\000i\000e\000x\000a\000r\000a\000t\000a\000.\000o\000p\000i\000h\000i\000.\000s\000o\000l\000u\000t\000i\000o\000n\000\040\000m\000o\000d\000u\000l\000e}{paragraph*.592}% 237
\BOOKMARK [5][-]{subparagraph*.650}{\376\377\000M\000o\000d\000u\000l\000e\000\040\000c\000o\000n\000t\000e\000n\000t\000s}{paragraph*.592}% 238
\BOOKMARK [4][-]{paragraph*.651}{\376\377\000o\000p\000i\000h\000i\000e\000x\000a\000r\000a\000t\000a\000.\000o\000r\000b\000i\000t\000\040\000p\000a\000c\000k\000a\000g\000e}{subsubsection*.267}% 239
\BOOKMARK [5][-]{subparagraph*.652}{\376\377\000S\000u\000b\000m\000o\000d\000u\000l\000e\000s}{paragraph*.651}% 240
\BOOKMARK [5][-]{subparagraph*.653}{\376\377\000o\000p\000i\000h\000i\000e\000x\000a\000r\000a\000t\000a\000.\000o\000r\000b\000i\000t\000.\000c\000u\000s\000t\000o\000m\000\040\000m\000o\000d\000u\000l\000e}{paragraph*.651}% 241
\BOOKMARK [5][-]{subparagraph*.669}{\376\377\000o\000p\000i\000h\000i\000e\000x\000a\000r\000a\000t\000a\000.\000o\000r\000b\000i\000t\000.\000o\000r\000b\000f\000i\000t\000\040\000m\000o\000d\000u\000l\000e}{paragraph*.651}% 242
\BOOKMARK [5][-]{subparagraph*.680}{\376\377\000o\000p\000i\000h\000i\000e\000x\000a\000r\000a\000t\000a\000.\000o\000r\000b\000i\000t\000.\000s\000o\000l\000u\000t\000i\000o\000n\000\040\000m\000o\000d\000u\000l\000e}{paragraph*.651}% 243
\BOOKMARK [5][-]{subparagraph*.705}{\376\377\000M\000o\000d\000u\000l\000e\000\040\000c\000o\000n\000t\000e\000n\000t\000s}{paragraph*.651}% 244
\BOOKMARK [4][-]{paragraph*.706}{\376\377\000o\000p\000i\000h\000i\000e\000x\000a\000r\000a\000t\000a\000.\000p\000h\000o\000t\000o\000m\000e\000t\000r\000y\000\040\000p\000a\000c\000k\000a\000g\000e}{subsubsection*.267}% 245
\BOOKMARK [5][-]{subparagraph*.707}{\376\377\000S\000u\000b\000m\000o\000d\000u\000l\000e\000s}{paragraph*.706}% 246
\BOOKMARK [5][-]{subparagraph*.708}{\376\377\000o\000p\000i\000h\000i\000e\000x\000a\000r\000a\000t\000a\000.\000p\000h\000o\000t\000o\000m\000e\000t\000r\000y\000.\000p\000a\000n\000s\000t\000a\000r\000r\000s\000\040\000m\000o\000d\000u\000l\000e}{paragraph*.706}% 247
\BOOKMARK [5][-]{subparagraph*.714}{\376\377\000o\000p\000i\000h\000i\000e\000x\000a\000r\000a\000t\000a\000.\000p\000h\000o\000t\000o\000m\000e\000t\000r\000y\000.\000s\000o\000l\000u\000t\000i\000o\000n\000\040\000m\000o\000d\000u\000l\000e}{paragraph*.706}% 248
\BOOKMARK [5][-]{subparagraph*.739}{\376\377\000M\000o\000d\000u\000l\000e\000\040\000c\000o\000n\000t\000e\000n\000t\000s}{paragraph*.706}% 249
\BOOKMARK [4][-]{paragraph*.740}{\376\377\000o\000p\000i\000h\000i\000e\000x\000a\000r\000a\000t\000a\000.\000p\000r\000o\000p\000a\000g\000a\000t\000e\000\040\000p\000a\000c\000k\000a\000g\000e}{subsubsection*.267}% 250
\BOOKMARK [5][-]{subparagraph*.741}{\376\377\000S\000u\000b\000m\000o\000d\000u\000l\000e\000s}{paragraph*.740}% 251
\BOOKMARK [5][-]{subparagraph*.742}{\376\377\000o\000p\000i\000h\000i\000e\000x\000a\000r\000a\000t\000a\000.\000p\000r\000o\000p\000a\000g\000a\000t\000e\000.\000p\000o\000l\000y\000n\000o\000m\000i\000a\000l\000\040\000m\000o\000d\000u\000l\000e}{paragraph*.740}% 252
\BOOKMARK [5][-]{subparagraph*.787}{\376\377\000o\000p\000i\000h\000i\000e\000x\000a\000r\000a\000t\000a\000.\000p\000r\000o\000p\000a\000g\000a\000t\000e\000.\000s\000o\000l\000u\000t\000i\000o\000n\000\040\000m\000o\000d\000u\000l\000e}{paragraph*.740}% 253
\BOOKMARK [5][-]{subparagraph*.823}{\376\377\000M\000o\000d\000u\000l\000e\000\040\000c\000o\000n\000t\000e\000n\000t\000s}{paragraph*.740}% 254
\BOOKMARK [3][-]{subsubsection*.824}{\376\377\000S\000u\000b\000m\000o\000d\000u\000l\000e\000s}{subsection.3.1.1}% 255
\BOOKMARK [4][-]{paragraph*.825}{\376\377\000o\000p\000i\000h\000i\000e\000x\000a\000r\000a\000t\000a\000.\000\137\000\137\000m\000a\000i\000n\000\137\000\137\000\040\000m\000o\000d\000u\000l\000e}{subsubsection*.824}% 256
\BOOKMARK [3][-]{subsubsection*.829}{\376\377\000M\000o\000d\000u\000l\000e\000\040\000c\000o\000n\000t\000e\000n\000t\000s}{subsection.3.1.1}% 257
\BOOKMARK [0][-]{chapter*.831}{\376\377\000P\000y\000t\000h\000o\000n\000\040\000M\000o\000d\000u\000l\000e\000\040\000I\000n\000d\000e\000x}{}% 258
\BOOKMARK [0][-]{chapter*.833}{\376\377\000I\000n\000d\000e\000x}{}% 259
