\BOOKMARK [0][-]{chapter.1}{\376\377\000U\000s\000e\000r\000\040\000M\000a\000n\000u\000a\000l}{}% 1
\BOOKMARK [1][-]{section.1.1}{\376\377\000U\000s\000e\000r\000\040\000M\000a\000n\000u\000a\000l}{chapter.1}% 2
\BOOKMARK [2][-]{subsection.1.1.1}{\376\377\000O\000p\000i\000h\000i\000\040\000T\000e\000l\000e\000s\000c\000o\000p\000e}{section.1.1}% 3
\BOOKMARK [2][-]{subsection.1.1.2}{\376\377\000S\000y\000s\000t\000e\000m\000\040\000F\000r\000a\000m\000e\000w\000o\000r\000k}{section.1.1}% 4
\BOOKMARK [3][-]{subsubsection*.6}{\376\377\000E\000n\000g\000i\000n\000e\000s}{subsection.1.1.2}% 5
\BOOKMARK [4][-]{paragraph*.7}{\376\377\000V\000e\000h\000i\000c\000l\000e\000s\000\040\000a\000n\000d\000\040\000S\000o\000l\000u\000t\000i\000o\000n\000s}{subsubsection*.6}% 6
\BOOKMARK [2][-]{subsection.1.1.3}{\376\377\000C\000o\000m\000m\000a\000n\000d\000\040\000L\000i\000n\000e}{section.1.1}% 7
\BOOKMARK [3][-]{subsubsection*.8}{\376\377\000A\000v\000a\000i\000l\000a\000b\000l\000e\000\040\000A\000c\000t\000i\000o\000n\000s}{subsection.1.1.3}% 8
\BOOKMARK [4][-]{paragraph*.9}{\376\377\000M\000a\000n\000u\000a\000l}{subsubsection*.8}% 9
\BOOKMARK [4][-]{paragraph*.10}{\376\377\000A\000u\000t\000o\000m\000a\000t\000i\000c}{subsubsection*.8}% 10
\BOOKMARK [4][-]{paragraph*.11}{\376\377\000G\000e\000n\000e\000r\000a\000t\000e}{subsubsection*.8}% 11
\BOOKMARK [4][-]{paragraph*.12}{\376\377\000H\000e\000l\000p}{subsubsection*.8}% 12
\BOOKMARK [3][-]{subsubsection*.13}{\376\377\000A\000v\000a\000i\000l\000a\000b\000l\000e\000\040\000O\000p\000t\000i\000o\000n\000s}{subsection.1.1.3}% 13
\BOOKMARK [4][-]{paragraph*.14}{\376\377\000H\000e\000l\000p}{subsubsection*.13}% 14
\BOOKMARK [4][-]{paragraph*.15}{\376\377\000M\000a\000n\000u\000a\000l}{subsubsection*.13}% 15
\BOOKMARK [4][-]{paragraph*.16}{\376\377\000A\000u\000t\000o\000m\000a\000t\000i\000c}{subsubsection*.13}% 16
\BOOKMARK [4][-]{paragraph*.17}{\376\377\000C\000o\000n\000f\000i\000g\000u\000r\000a\000t\000i\000o\000n}{subsubsection*.13}% 17
\BOOKMARK [4][-]{paragraph*.18}{\376\377\000S\000e\000c\000r\000e\000t\000s}{subsubsection*.13}% 18
\BOOKMARK [4][-]{paragraph*.19}{\376\377\000O\000v\000e\000r\000w\000r\000i\000t\000e}{subsubsection*.13}% 19
\BOOKMARK [4][-]{paragraph*.20}{\376\377\000K\000e\000e\000p\000\040\000T\000e\000m\000p\000o\000r\000a\000r\000y}{subsubsection*.13}% 20
\BOOKMARK [2][-]{subsection.1.1.4}{\376\377\000M\000a\000n\000u\000a\000l\000\040\000M\000o\000d\000e}{section.1.1}% 21
\BOOKMARK [3][-]{subsubsection*.21}{\376\377\000G\000r\000a\000p\000h\000i\000c\000a\000l\000\040\000U\000s\000e\000r\000\040\000I\000n\000t\000e\000r\000f\000a\000c\000e}{subsection.1.1.4}% 22
\BOOKMARK [3][-]{subsubsection*.24}{\376\377\000P\000r\000o\000c\000e\000d\000u\000r\000e}{subsection.1.1.4}% 23
\BOOKMARK [4][-]{paragraph*.25}{\376\377\000S\000t\000a\000r\000t\000\040\000a\000n\000d\000\040\000O\000p\000e\000n\000\040\000G\000U\000I}{subsubsection*.24}% 24
\BOOKMARK [4][-]{paragraph*.26}{\376\377\000S\000p\000e\000c\000i\000f\000y\000\040\000N\000e\000w\000\040\000T\000a\000r\000g\000e\000t\000\040\000N\000a\000m\000e}{subsubsection*.24}% 25
\BOOKMARK [4][-]{paragraph*.27}{\376\377\000T\000a\000k\000e\000\040\000a\000n\000d\000\040\000I\000m\000a\000g\000e}{subsubsection*.24}% 26
\BOOKMARK [4][-]{paragraph*.28}{\376\377\000F\000i\000n\000d\000\040\000A\000s\000t\000e\000r\000o\000i\000d\000\040\000L\000o\000c\000a\000t\000i\000o\000n}{subsubsection*.24}% 27
\BOOKMARK [5][-]{subparagraph*.29}{\376\377\000T\000a\000r\000g\000e\000t\000\040\000S\000e\000l\000e\000c\000t\000o\000r\000\040\000G\000U\000I}{paragraph*.28}% 28
\BOOKMARK [4][-]{paragraph*.30}{\376\377\000C\000o\000m\000p\000u\000t\000e\000\040\000A\000s\000t\000r\000o\000m\000e\000t\000r\000i\000c\000\040\000S\000o\000l\000u\000t\000i\000o\000n}{subsubsection*.24}% 29
\BOOKMARK [4][-]{paragraph*.32}{\376\377\000C\000o\000m\000p\000u\000t\000e\000\040\000P\000h\000o\000t\000o\000m\000e\000t\000r\000i\000c\000\040\000S\000o\000l\000u\000t\000i\000o\000n}{subsubsection*.24}% 30
\BOOKMARK [4][-]{paragraph*.33}{\376\377\000A\000s\000t\000e\000r\000o\000i\000d\000\040\000O\000n\000-\000S\000k\000y\000\040\000P\000o\000s\000i\000t\000i\000o\000n}{subsubsection*.24}% 31
\BOOKMARK [4][-]{paragraph*.34}{\376\377\000H\000i\000s\000t\000o\000r\000i\000c\000a\000l\000\040\000O\000b\000s\000e\000r\000v\000a\000t\000i\000o\000n\000s}{subsubsection*.24}% 32
\BOOKMARK [4][-]{paragraph*.35}{\376\377\000A\000s\000t\000e\000r\000o\000i\000d\000\040\000O\000b\000s\000e\000r\000v\000a\000t\000i\000o\000n\000\040\000R\000e\000c\000o\000r\000d}{subsubsection*.24}% 33
\BOOKMARK [4][-]{paragraph*.36}{\376\377\000A\000s\000t\000e\000r\000o\000i\000d\000\040\000P\000o\000s\000i\000t\000i\000o\000n\000\040\000P\000r\000o\000p\000a\000g\000a\000t\000i\000o\000n}{subsubsection*.24}% 34
\BOOKMARK [4][-]{paragraph*.38}{\376\377\000O\000r\000b\000i\000t\000a\000l\000\040\000E\000l\000e\000m\000e\000n\000t\000s}{subsubsection*.24}% 35
\BOOKMARK [4][-]{paragraph*.39}{\376\377\000E\000p\000h\000e\000m\000e\000r\000i\000s}{subsubsection*.24}% 36
\BOOKMARK [4][-]{paragraph*.41}{\376\377\000A\000s\000t\000e\000r\000o\000i\000d\000\040\000O\000n\000-\000S\000k\000y\000\040\000F\000u\000t\000u\000r\000e\000\040\000T\000r\000a\000c\000k}{subsubsection*.24}% 37
\BOOKMARK [4][-]{paragraph*.42}{\376\377\000T\000e\000l\000e\000s\000c\000o\000p\000e\000\040\000C\000o\000n\000t\000r\000o\000l\000\040\000S\000o\000f\000t\000w\000a\000r\000e\000:\000\040\000U\000p\000d\000a\000t\000e}{subsubsection*.24}% 38
\BOOKMARK [2][-]{subsection.1.1.5}{\376\377\000A\000u\000t\000o\000m\000a\000t\000i\000c\000\040\000M\000o\000d\000e}{section.1.1}% 39
\BOOKMARK [3][-]{subsubsection*.43}{\376\377\000G\000r\000a\000p\000h\000i\000c\000a\000l\000\040\000U\000s\000e\000r\000\040\000I\000n\000t\000e\000r\000f\000a\000c\000e}{subsection.1.1.5}% 40
\BOOKMARK [3][-]{subsubsection*.44}{\376\377\000P\000r\000o\000c\000e\000d\000u\000r\000e}{subsection.1.1.5}% 41
\BOOKMARK [4][-]{paragraph*.45}{\376\377\000S\000t\000a\000r\000t\000\040\000a\000n\000d\000\040\000O\000p\000e\000n\000\040\000G\000U\000I}{subsubsection*.44}% 42
\BOOKMARK [4][-]{paragraph*.46}{\376\377\000S\000p\000e\000c\000i\000f\000y\000\040\000D\000a\000t\000a\000\040\000D\000i\000r\000e\000c\000t\000o\000r\000y}{subsubsection*.44}% 43
\BOOKMARK [4][-]{paragraph*.47}{\376\377\000S\000p\000e\000c\000i\000f\000y\000\040\000S\000o\000l\000v\000i\000n\000g\000\040\000E\000n\000g\000i\000n\000e\000s}{subsubsection*.44}% 44
\BOOKMARK [4][-]{paragraph*.48}{\376\377\000T\000r\000i\000g\000g\000e\000r\000\040\000C\000o\000n\000t\000i\000n\000u\000o\000u\000s\000\040\000I\000m\000a\000g\000e\000s}{subsubsection*.44}% 45
\BOOKMARK [4][-]{paragraph*.49}{\376\377\000T\000r\000i\000g\000g\000e\000r\000\040\000A\000u\000t\000o\000m\000a\000t\000i\000c\000\040\000S\000o\000l\000v\000i\000n\000g}{subsubsection*.44}% 46
\BOOKMARK [5][-]{subparagraph*.50}{\376\377\000T\000r\000i\000g\000g\000e\000r\000\040\000O\000n\000c\000e\000\040\000M\000a\000n\000u\000a\000l\000l\000y}{paragraph*.49}% 47
\BOOKMARK [4][-]{paragraph*.51}{\376\377\000D\000i\000s\000p\000l\000a\000y\000e\000d\000\040\000S\000t\000a\000t\000u\000s\000\040\000a\000n\000d\000\040\000R\000e\000s\000u\000l\000t\000s}{subsubsection*.44}% 48
\BOOKMARK [4][-]{paragraph*.52}{\376\377\000S\000t\000o\000p\000\040\000A\000u\000t\000o\000m\000a\000t\000i\000c\000\040\000S\000o\000l\000v\000i\000n\000g}{subsubsection*.44}% 49
\BOOKMARK [2][-]{subsection.1.1.6}{\376\377\000C\000o\000n\000f\000i\000g\000u\000r\000a\000t\000i\000o\000n}{section.1.1}% 50
\BOOKMARK [3][-]{subsubsection*.53}{\376\377\000S\000t\000a\000n\000d\000a\000r\000d\000\040\000C\000o\000n\000f\000i\000g\000u\000r\000a\000t\000i\000o\000n\000\040\000F\000i\000l\000e}{subsection.1.1.6}% 51
\BOOKMARK [3][-]{subsubsection*.55}{\376\377\000S\000e\000c\000r\000e\000t\000s\000\040\000C\000o\000n\000f\000i\000g\000u\000r\000a\000t\000i\000o\000n\000\040\000F\000i\000l\000e}{subsection.1.1.6}% 52
\BOOKMARK [2][-]{subsection.1.1.7}{\376\377\000T\000r\000o\000u\000b\000l\000e\000s\000h\000o\000o\000t\000i\000n\000g}{section.1.1}% 53
\BOOKMARK [3][-]{subsubsection*.57}{\376\377\000A\000u\000t\000o\000m\000a\000t\000i\000c\000\040\000M\000o\000d\000e\000\040\000S\000t\000o\000p\000\040\000B\000u\000t\000t\000o\000n\000\040\000N\000o\000t\000\040\000W\000o\000r\000k\000i\000n\000g}{subsection.1.1.7}% 54
\BOOKMARK [3][-]{subsubsection*.58}{\376\377\000P\000y\000S\000i\000d\000e\000\040\000G\000U\000I\000\040\000D\000o\000e\000s\000\040\000N\000o\000t\000\040\000M\000a\000t\000c\000h\000\040\000D\000o\000c\000u\000m\000e\000n\000t\000a\000t\000i\000o\000n\000\040\000o\000r\000\040\000U\000I\000\040\000F\000i\000l\000e\000s}{subsection.1.1.7}% 55
\BOOKMARK [2][-]{subsection.1.1.8}{\376\377\000C\000i\000t\000a\000t\000i\000o\000n\000s}{section.1.1}% 56
\BOOKMARK [3][-]{subsubsection*.59}{\376\377\000R\000e\000f\000e\000r\000e\000n\000c\000e\000s}{subsection.1.1.8}% 57
\BOOKMARK [4][-]{paragraph*.60}{\376\377\000N\000A\000S\000A\000\040\000I\000n\000f\000r\000a\000r\000e\000d\000\040\000T\000e\000l\000e\000s\000c\000o\000p\000e\000\040\000F\000a\000c\000i\000l\000i\000t\000y}{subsubsection*.59}% 58
\BOOKMARK [4][-]{paragraph*.61}{\376\377\000M\000A\000S\000T}{subsubsection*.59}% 59
\BOOKMARK [4][-]{paragraph*.62}{\376\377\000M\000i\000n\000o\000r\000\040\000P\000l\000a\000n\000e\000t\000\040\000C\000e\000n\000t\000e\000r}{subsubsection*.59}% 60
\BOOKMARK [4][-]{paragraph*.63}{\376\377\000S\000c\000i\000p\000y}{subsubsection*.59}% 61
\BOOKMARK [4][-]{paragraph*.65}{\376\377\000M\000a\000t\000p\000l\000o\000t\000l\000i\000b}{subsubsection*.59}% 62
\BOOKMARK [4][-]{paragraph*.67}{\376\377\000A\000s\000t\000r\000o\000p\000y}{subsubsection*.59}% 63
\BOOKMARK [4][-]{paragraph*.70}{\376\377\000N\000u\000m\000p\000y}{subsubsection*.59}% 64
\BOOKMARK [4][-]{paragraph*.72}{\376\377\000G\000a\000i\000a}{subsubsection*.59}% 65
\BOOKMARK [4][-]{paragraph*.75}{\376\377\000P\000a\000n\000-\000S\000T\000A\000R\000R\000S\0001}{subsubsection*.59}% 66
\BOOKMARK [4][-]{paragraph*.76}{\376\377\000J\000P\000L\000\040\000H\000o\000r\000i\000z\000o\000n\000s}{subsubsection*.59}% 67
\BOOKMARK [4][-]{paragraph*.81}{\376\377\000A\000s\000t\000r\000o\000m\000e\000t\000r\000y\000.\000n\000e\000t}{subsubsection*.59}% 68
\BOOKMARK [2][-]{subsection.1.1.9}{\376\377\000T\000r\000i\000v\000i\000a}{section.1.1}% 69
\BOOKMARK [3][-]{subsubsection*.84}{\376\377\000E\000t\000y\000m\000o\000l\000o\000g\000y\000\040\000o\000f\000\040\000O\000p\000i\000h\000i\000E\000x\000a\000r\000a\000t\000a}{subsection.1.1.9}% 70
\BOOKMARK [0][-]{chapter.2}{\376\377\000T\000e\000c\000h\000n\000i\000c\000a\000l\000\040\000M\000a\000n\000u\000a\000l}{}% 71
\BOOKMARK [1][-]{section.2.1}{\376\377\000T\000e\000c\000h\000n\000i\000c\000a\000l\000\040\000M\000a\000n\000u\000a\000l}{chapter.2}% 72
\BOOKMARK [2][-]{subsection.2.1.1}{\376\377\000I\000n\000s\000t\000a\000l\000l\000a\000t\000i\000o\000n}{section.2.1}% 73
\BOOKMARK [3][-]{subsubsection*.87}{\376\377\000A\000u\000t\000o\000m\000a\000t\000e\000d\000\040\000S\000c\000r\000i\000p\000t\000s}{subsection.2.1.1}% 74
\BOOKMARK [4][-]{paragraph*.89}{\376\377\000S\000c\000r\000i\000p\000t\000\040\000U\000s\000a\000g\000e}{subsubsection*.87}% 75
\BOOKMARK [3][-]{subsubsection*.90}{\376\377\000M\000a\000n\000u\000a\000l\000\040\000I\000n\000s\000t\000a\000l\000l\000a\000t\000i\000o\000n}{subsection.2.1.1}% 76
\BOOKMARK [4][-]{paragraph*.91}{\376\377\000I\000n\000s\000t\000a\000l\000l\000:\000\040\000D\000o\000w\000n\000l\000o\000a\000d}{subsubsection*.90}% 77
\BOOKMARK [5][-]{subparagraph*.92}{\376\377\000V\000i\000a\000\040\000g\000i\000t\000\040\000\050\000R\000e\000c\000o\000m\000m\000e\000n\000d\000e\000d\000\051}{paragraph*.91}% 78
\BOOKMARK [5][-]{subparagraph*.93}{\376\377\000V\000i\000a\000\040\000.\000z\000i\000p\000\040\000A\000r\000c\000h\000i\000v\000e}{paragraph*.91}% 79
\BOOKMARK [4][-]{paragraph*.94}{\376\377\000I\000n\000s\000t\000a\000l\000l\000:\000\040\000P\000y\000t\000h\000o\000n\000\040\000P\000a\000r\000t}{subsubsection*.90}% 80
\BOOKMARK [5][-]{subparagraph*.95}{\376\377\000D\000o\000w\000n\000l\000o\000a\000d}{paragraph*.94}% 81
\BOOKMARK [5][-]{subparagraph*.97}{\376\377\000B\000u\000i\000l\000d}{paragraph*.94}% 82
\BOOKMARK [5][-]{subparagraph*.98}{\376\377\000I\000n\000s\000t\000a\000l\000l}{paragraph*.94}% 83
\BOOKMARK [4][-]{paragraph*.99}{\376\377\000O\000p\000t\000i\000o\000n\000a\000l\000:\000\040\000D\000o\000c\000u\000m\000e\000n\000t\000a\000t\000i\000o\000n}{subsubsection*.90}% 84
\BOOKMARK [5][-]{subparagraph*.100}{\376\377\000P\000r\000e\000r\000e\000q\000u\000i\000s\000i\000t\000e\000s}{paragraph*.99}% 85
\BOOKMARK [5][-]{subparagraph*.101}{\376\377\000S\000p\000h\000i\000n\000x}{paragraph*.99}% 86
\BOOKMARK [5][-]{subparagraph*.102}{\376\377\000L\000a\000T\000e\000X}{paragraph*.99}% 87
\BOOKMARK [5][-]{subparagraph*.104}{\376\377\000D\000i\000r\000e\000c\000t\000o\000r\000y}{paragraph*.99}% 88
\BOOKMARK [5][-]{subparagraph*.105}{\376\377\000B\000u\000i\000l\000d}{paragraph*.99}% 89
\BOOKMARK [4][-]{paragraph*.107}{\376\377\000O\000p\000t\000i\000o\000n\000a\000l\000:\000\040\000W\000i\000n\000d\000o\000w\000s\000\040\000C\000o\000m\000p\000a\000t\000i\000b\000i\000l\000i\000t\000y}{subsubsection*.90}% 90
\BOOKMARK [5][-]{subparagraph*.108}{\376\377\000P\000o\000w\000e\000r\000s\000h\000e\000l\000l\000\040\000E\000x\000e\000c\000u\000t\000i\000o\000n\000\040\000P\000o\000l\000i\000c\000y}{paragraph*.107}% 91
\BOOKMARK [5][-]{subparagraph*.111}{\376\377\000W\000i\000n\000d\000o\000w\000s\000\040\000S\000u\000b\000s\000y\000s\000t\000e\000m\000\040\000f\000o\000r\000\040\000L\000i\000n\000u\000x}{paragraph*.107}% 92
\BOOKMARK [5][-]{subparagraph*.112}{\376\377\000M\000o\000d\000e\000r\000n\000\040\000I\000n\000s\000t\000a\000l\000l}{paragraph*.107}% 93
\BOOKMARK [5][-]{subparagraph*.114}{\376\377\000M\000a\000n\000u\000a\000l\000\040\000I\000n\000s\000t\000a\000l\000l}{paragraph*.107}% 94
\BOOKMARK [5][-]{subparagraph*.118}{\376\377\000V\000e\000r\000i\000f\000y}{paragraph*.107}% 95
\BOOKMARK [5][-]{subparagraph*.119}{\376\377\000F\000i\000n\000a\000l}{paragraph*.107}% 96
\BOOKMARK [4][-]{paragraph*.120}{\376\377\000I\000n\000s\000t\000a\000l\000l\000:\000\040\000O\000r\000b\000f\000i\000t}{subsubsection*.90}% 97
\BOOKMARK [5][-]{subparagraph*.122}{\376\377\000P\000r\000e\000r\000e\000q\000u\000i\000s\000i\000t\000e\000s}{paragraph*.120}% 98
\BOOKMARK [5][-]{subparagraph*.123}{\376\377\000D\000i\000r\000e\000c\000t\000o\000r\000y}{paragraph*.120}% 99
\BOOKMARK [5][-]{subparagraph*.124}{\376\377\000D\000e\000p\000e\000n\000d\000e\000n\000c\000i\000e\000s}{paragraph*.120}% 100
\BOOKMARK [5][-]{subparagraph*.125}{\376\377\000F\000o\000r\000t\000r\000a\000n\000\040\000C\000o\000m\000p\000i\000l\000e\000r}{paragraph*.120}% 101
\BOOKMARK [5][-]{subparagraph*.127}{\376\377\000I\000n\000s\000t\000a\000l\000l}{paragraph*.120}% 102
\BOOKMARK [5][-]{subparagraph*.128}{\376\377\000A\000P\000T\000\040\000P\000a\000c\000k\000a\000g\000e\000\040\000M\000a\000n\000a\000g\000e\000r\000s}{paragraph*.120}% 103
\BOOKMARK [5][-]{subparagraph*.129}{\376\377\000Y\000U\000M\000,\000\040\000D\000N\000F\000,\000\040\000Z\000y\000p\000p\000e\000r\000\040\000P\000a\000c\000k\000a\000g\000e\000\040\000M\000a\000n\000a\000g\000e\000r\000s}{paragraph*.120}% 104
\BOOKMARK [5][-]{subparagraph*.130}{\376\377\000E\000n\000v\000i\000r\000o\000n\000m\000e\000n\000t\000\040\000V\000a\000r\000i\000a\000b\000l\000e\000s}{paragraph*.120}% 105
\BOOKMARK [5][-]{subparagraph*.131}{\376\377\000D\000o\000w\000n\000l\000o\000a\000d\000\040\000O\000r\000b\000F\000i\000t}{paragraph*.120}% 106
\BOOKMARK [5][-]{subparagraph*.133}{\376\377\000C\000o\000m\000p\000i\000l\000e}{paragraph*.120}% 107
\BOOKMARK [5][-]{subparagraph*.135}{\376\377\000D\000o\000w\000n\000l\000o\000a\000d\000\040\000J\000P\000L\000\040\000E\000p\000h\000e\000m\000e\000r\000i\000d\000e\000s\000\040\000F\000i\000l\000e}{paragraph*.120}% 108
\BOOKMARK [5][-]{subparagraph*.138}{\376\377\000T\000e\000s\000t\000i\000n\000g\000\040\000S\000u\000i\000t\000e}{paragraph*.120}% 109
\BOOKMARK [5][-]{subparagraph*.139}{\376\377\000E\000x\000e\000c\000u\000t\000a\000b\000l\000e\000\040\000P\000a\000t\000h\000\040\000f\000o\000r\000\040\000C\000o\000n\000f\000i\000g\000u\000r\000a\000t\000i\000o\000n\000\040\000F\000i\000l\000e}{paragraph*.120}% 110
\BOOKMARK [5][-]{subparagraph*.140}{\376\377\000O\000p\000i\000h\000i\000E\000x\000a\000r\000a\000t\000a\000\040\000T\000e\000m\000p\000l\000a\000t\000e\000\040\000F\000i\000l\000e\000s}{paragraph*.120}% 111
\BOOKMARK [2][-]{subsection.2.1.2}{\376\377\000A\000r\000c\000h\000i\000t\000e\000c\000t\000u\000r\000e}{section.2.1}% 112
\BOOKMARK [3][-]{subsubsection*.141}{\376\377\000S\000e\000r\000v\000i\000c\000e\000s\000\040\000a\000n\000d\000\040\000E\000n\000g\000i\000n\000e\000s}{subsection.2.1.2}% 113
\BOOKMARK [3][-]{subsubsection*.142}{\376\377\000V\000e\000h\000i\000c\000l\000e\000s\000\040\000a\000n\000d\000\040\000S\000o\000l\000u\000t\000i\000o\000n\000s}{subsection.2.1.2}% 114
\BOOKMARK [3][-]{subsubsection*.143}{\376\377\000L\000i\000b\000r\000a\000r\000y}{subsection.2.1.2}% 115
\BOOKMARK [3][-]{subsubsection*.144}{\376\377\000G\000r\000a\000p\000h\000i\000c\000a\000l\000\040\000U\000s\000e\000r\000\040\000I\000n\000t\000e\000r\000f\000a\000c\000e}{subsection.2.1.2}% 116
\BOOKMARK [4][-]{paragraph*.145}{\376\377\000Q\000t\000\040\000D\000e\000s\000i\000g\000n\000e\000r}{subsubsection*.144}% 117
\BOOKMARK [4][-]{paragraph*.148}{\376\377\000B\000u\000i\000l\000d\000i\000n\000g\000\040\000U\000I\000\040\000F\000i\000l\000e\000s}{subsubsection*.144}% 118
\BOOKMARK [2][-]{subsection.2.1.3}{\376\377\000A\000l\000g\000o\000r\000i\000t\000h\000m\000s}{section.2.1}% 119
\BOOKMARK [3][-]{subsubsection*.150}{\376\377\000P\000r\000e\000p\000r\000o\000c\000e\000s\000s\000i\000n\000g}{subsection.2.1.3}% 120
\BOOKMARK [3][-]{subsubsection*.151}{\376\377\000P\000o\000l\000y\000n\000o\000m\000i\000a\000l\000\040\000P\000r\000o\000p\000a\000g\000a\000t\000i\000o\000n}{subsection.2.1.3}% 121
\BOOKMARK [3][-]{subsubsection*.152}{\376\377\000S\000p\000h\000e\000r\000i\000c\000a\000l\000\040\000K\000i\000n\000e\000m\000a\000t\000i\000c\000s}{subsection.2.1.3}% 122
\BOOKMARK [4][-]{paragraph*.153}{\376\377\000D\000e\000f\000i\000n\000i\000t\000i\000o\000n\000s}{subsubsection*.152}% 123
\BOOKMARK [4][-]{paragraph*.155}{\376\377\000D\000e\000r\000i\000v\000i\000n\000g\000\040\000R\000a\000t\000e\000s}{subsubsection*.152}% 124
\BOOKMARK [4][-]{paragraph*.156}{\376\377\000S\000p\000h\000e\000r\000i\000c\000a\000l\000\040\000M\000o\000t\000i\000o\000n}{subsubsection*.152}% 125
\BOOKMARK [4][-]{paragraph*.157}{\376\377\000C\000e\000l\000e\000s\000t\000i\000a\000l\000\040\000S\000p\000h\000e\000r\000e}{subsubsection*.152}% 126
\BOOKMARK [4][-]{paragraph*.158}{\376\377\000L\000e\000m\000m\000a\000s}{subsubsection*.152}% 127
\BOOKMARK [5][-]{subparagraph*.159}{\376\377\000D\000e\000r\000i\000v\000a\000t\000i\000o\000n\000\040\000o\000f\000\040\000V\000e\000c\000t\000o\000r\000\040\000E\000q\000u\000a\000t\000i\000o\000n\000\040\000o\000f\000\040\000M\000o\000t\000i\000o\000n}{paragraph*.158}% 128
\BOOKMARK [0][-]{chapter.3}{\376\377\000C\000o\000d\000e\000\040\000M\000a\000n\000u\000a\000l}{}% 129
\BOOKMARK [1][-]{section.3.1}{\376\377\000o\000p\000i\000h\000i\000e\000x\000a\000r\000a\000t\000a}{chapter.3}% 130
\BOOKMARK [2][-]{subsection.3.1.1}{\376\377\000o\000p\000i\000h\000i\000e\000x\000a\000r\000a\000t\000a\000\040\000p\000a\000c\000k\000a\000g\000e}{section.3.1}% 131
\BOOKMARK [3][-]{subsubsection*.161}{\376\377\000S\000u\000b\000p\000a\000c\000k\000a\000g\000e\000s}{subsection.3.1.1}% 132
\BOOKMARK [4][-]{paragraph*.162}{\376\377\000o\000p\000i\000h\000i\000e\000x\000a\000r\000a\000t\000a\000.\000a\000s\000t\000r\000o\000m\000e\000t\000r\000y\000\040\000p\000a\000c\000k\000a\000g\000e}{subsubsection*.161}% 133
\BOOKMARK [5][-]{subparagraph*.163}{\376\377\000S\000u\000b\000m\000o\000d\000u\000l\000e\000s}{paragraph*.162}% 134
\BOOKMARK [5][-]{subparagraph*.164}{\376\377\000o\000p\000i\000h\000i\000e\000x\000a\000r\000a\000t\000a\000.\000a\000s\000t\000r\000o\000m\000e\000t\000r\000y\000.\000s\000o\000l\000u\000t\000i\000o\000n\000\040\000m\000o\000d\000u\000l\000e}{paragraph*.162}% 135
\BOOKMARK [5][-]{subparagraph*.181}{\376\377\000o\000p\000i\000h\000i\000e\000x\000a\000r\000a\000t\000a\000.\000a\000s\000t\000r\000o\000m\000e\000t\000r\000y\000.\000w\000e\000b\000c\000l\000i\000e\000n\000t\000\040\000m\000o\000d\000u\000l\000e}{paragraph*.162}% 136
\BOOKMARK [5][-]{subparagraph*.201}{\376\377\000M\000o\000d\000u\000l\000e\000\040\000c\000o\000n\000t\000e\000n\000t\000s}{paragraph*.162}% 137
\BOOKMARK [4][-]{paragraph*.202}{\376\377\000o\000p\000i\000h\000i\000e\000x\000a\000r\000a\000t\000a\000.\000e\000p\000h\000e\000m\000e\000r\000i\000s\000\040\000p\000a\000c\000k\000a\000g\000e}{subsubsection*.161}% 138
\BOOKMARK [5][-]{subparagraph*.203}{\376\377\000S\000u\000b\000m\000o\000d\000u\000l\000e\000s}{paragraph*.202}% 139
\BOOKMARK [5][-]{subparagraph*.204}{\376\377\000o\000p\000i\000h\000i\000e\000x\000a\000r\000a\000t\000a\000.\000e\000p\000h\000e\000m\000e\000r\000i\000s\000.\000j\000p\000l\000h\000o\000r\000i\000z\000o\000n\000s\000\040\000m\000o\000d\000u\000l\000e}{paragraph*.202}% 140
\BOOKMARK [5][-]{subparagraph*.221}{\376\377\000o\000p\000i\000h\000i\000e\000x\000a\000r\000a\000t\000a\000.\000e\000p\000h\000e\000m\000e\000r\000i\000s\000.\000s\000o\000l\000u\000t\000i\000o\000n\000\040\000m\000o\000d\000u\000l\000e}{paragraph*.202}% 141
\BOOKMARK [5][-]{subparagraph*.231}{\376\377\000M\000o\000d\000u\000l\000e\000\040\000c\000o\000n\000t\000e\000n\000t\000s}{paragraph*.202}% 142
\BOOKMARK [4][-]{paragraph*.232}{\376\377\000o\000p\000i\000h\000i\000e\000x\000a\000r\000a\000t\000a\000.\000g\000u\000i\000\040\000p\000a\000c\000k\000a\000g\000e}{subsubsection*.161}% 143
\BOOKMARK [5][-]{subparagraph*.233}{\376\377\000S\000u\000b\000p\000a\000c\000k\000a\000g\000e\000s}{paragraph*.232}% 144
\BOOKMARK [5][-]{subparagraph*.234}{\376\377\000o\000p\000i\000h\000i\000e\000x\000a\000r\000a\000t\000a\000.\000g\000u\000i\000.\000q\000t\000u\000i\000\040\000p\000a\000c\000k\000a\000g\000e}{paragraph*.232}% 145
\BOOKMARK [5][-]{subparagraph*.235}{\376\377\000S\000u\000b\000m\000o\000d\000u\000l\000e\000s}{paragraph*.232}% 146
\BOOKMARK [5][-]{subparagraph*.236}{\376\377\000o\000p\000i\000h\000i\000e\000x\000a\000r\000a\000t\000a\000.\000g\000u\000i\000.\000q\000t\000u\000i\000.\000q\000t\000u\000i\000\137\000a\000u\000t\000o\000m\000a\000t\000i\000c\000\040\000m\000o\000d\000u\000l\000e}{paragraph*.232}% 147
\BOOKMARK [5][-]{subparagraph*.240}{\376\377\000o\000p\000i\000h\000i\000e\000x\000a\000r\000a\000t\000a\000.\000g\000u\000i\000.\000q\000t\000u\000i\000.\000q\000t\000u\000i\000\137\000m\000a\000n\000u\000a\000l\000\040\000m\000o\000d\000u\000l\000e}{paragraph*.232}% 148
\BOOKMARK [5][-]{subparagraph*.244}{\376\377\000o\000p\000i\000h\000i\000e\000x\000a\000r\000a\000t\000a\000.\000g\000u\000i\000.\000q\000t\000u\000i\000.\000q\000t\000u\000i\000\137\000s\000e\000l\000e\000c\000t\000o\000r\000\040\000m\000o\000d\000u\000l\000e}{paragraph*.232}% 149
\BOOKMARK [5][-]{subparagraph*.248}{\376\377\000M\000o\000d\000u\000l\000e\000\040\000c\000o\000n\000t\000e\000n\000t\000s}{paragraph*.232}% 150
\BOOKMARK [5][-]{subparagraph*.249}{\376\377\000S\000u\000b\000m\000o\000d\000u\000l\000e\000s}{paragraph*.232}% 151
\BOOKMARK [5][-]{subparagraph*.250}{\376\377\000o\000p\000i\000h\000i\000e\000x\000a\000r\000a\000t\000a\000.\000g\000u\000i\000.\000a\000u\000t\000o\000m\000a\000t\000i\000c\000\040\000m\000o\000d\000u\000l\000e}{paragraph*.232}% 152
\BOOKMARK [5][-]{subparagraph*.263}{\376\377\000o\000p\000i\000h\000i\000e\000x\000a\000r\000a\000t\000a\000.\000g\000u\000i\000.\000m\000a\000n\000u\000a\000l\000\040\000m\000o\000d\000u\000l\000e}{paragraph*.232}% 153
\BOOKMARK [5][-]{subparagraph*.275}{\376\377\000o\000p\000i\000h\000i\000e\000x\000a\000r\000a\000t\000a\000.\000g\000u\000i\000.\000n\000a\000m\000e\000\040\000m\000o\000d\000u\000l\000e}{paragraph*.232}% 154
\BOOKMARK [5][-]{subparagraph*.282}{\376\377\000o\000p\000i\000h\000i\000e\000x\000a\000r\000a\000t\000a\000.\000g\000u\000i\000.\000s\000e\000l\000e\000c\000t\000o\000r\000\040\000m\000o\000d\000u\000l\000e}{paragraph*.232}% 155
\BOOKMARK [5][-]{subparagraph*.295}{\376\377\000M\000o\000d\000u\000l\000e\000\040\000c\000o\000n\000t\000e\000n\000t\000s}{paragraph*.232}% 156
\BOOKMARK [4][-]{paragraph*.296}{\376\377\000o\000p\000i\000h\000i\000e\000x\000a\000r\000a\000t\000a\000.\000l\000i\000b\000r\000a\000r\000y\000\040\000p\000a\000c\000k\000a\000g\000e}{subsubsection*.161}% 157
\BOOKMARK [5][-]{subparagraph*.297}{\376\377\000S\000u\000b\000m\000o\000d\000u\000l\000e\000s}{paragraph*.296}% 158
\BOOKMARK [5][-]{subparagraph*.298}{\376\377\000o\000p\000i\000h\000i\000e\000x\000a\000r\000a\000t\000a\000.\000l\000i\000b\000r\000a\000r\000y\000.\000c\000o\000n\000f\000i\000g\000\040\000m\000o\000d\000u\000l\000e}{paragraph*.296}% 159
\BOOKMARK [5][-]{subparagraph*.303}{\376\377\000o\000p\000i\000h\000i\000e\000x\000a\000r\000a\000t\000a\000.\000l\000i\000b\000r\000a\000r\000y\000.\000c\000o\000n\000v\000e\000r\000s\000i\000o\000n\000\040\000m\000o\000d\000u\000l\000e}{paragraph*.296}% 160
\BOOKMARK [5][-]{subparagraph*.316}{\376\377\000o\000p\000i\000h\000i\000e\000x\000a\000r\000a\000t\000a\000.\000l\000i\000b\000r\000a\000r\000y\000.\000e\000n\000g\000i\000n\000e\000\040\000m\000o\000d\000u\000l\000e}{paragraph*.296}% 161
\BOOKMARK [5][-]{subparagraph*.324}{\376\377\000o\000p\000i\000h\000i\000e\000x\000a\000r\000a\000t\000a\000.\000l\000i\000b\000r\000a\000r\000y\000.\000e\000r\000r\000o\000r\000\040\000m\000o\000d\000u\000l\000e}{paragraph*.296}% 162
\BOOKMARK [5][-]{subparagraph*.346}{\376\377\000o\000p\000i\000h\000i\000e\000x\000a\000r\000a\000t\000a\000.\000l\000i\000b\000r\000a\000r\000y\000.\000f\000i\000t\000s\000\040\000m\000o\000d\000u\000l\000e}{paragraph*.296}% 163
\BOOKMARK [5][-]{subparagraph*.353}{\376\377\000o\000p\000i\000h\000i\000e\000x\000a\000r\000a\000t\000a\000.\000l\000i\000b\000r\000a\000r\000y\000.\000h\000i\000n\000t\000\040\000m\000o\000d\000u\000l\000e}{paragraph*.296}% 164
\BOOKMARK [5][-]{subparagraph*.354}{\376\377\000o\000p\000i\000h\000i\000e\000x\000a\000r\000a\000t\000a\000.\000l\000i\000b\000r\000a\000r\000y\000.\000h\000t\000t\000p\000\040\000m\000o\000d\000u\000l\000e}{paragraph*.296}% 165
\BOOKMARK [5][-]{subparagraph*.358}{\376\377\000o\000p\000i\000h\000i\000e\000x\000a\000r\000a\000t\000a\000.\000l\000i\000b\000r\000a\000r\000y\000.\000i\000m\000a\000g\000e\000\040\000m\000o\000d\000u\000l\000e}{paragraph*.296}% 166
\BOOKMARK [5][-]{subparagraph*.363}{\376\377\000o\000p\000i\000h\000i\000e\000x\000a\000r\000a\000t\000a\000.\000l\000i\000b\000r\000a\000r\000y\000.\000j\000s\000o\000n\000\040\000m\000o\000d\000u\000l\000e}{paragraph*.296}% 167
\BOOKMARK [5][-]{subparagraph*.366}{\376\377\000o\000p\000i\000h\000i\000e\000x\000a\000r\000a\000t\000a\000.\000l\000i\000b\000r\000a\000r\000y\000.\000m\000p\000c\000r\000e\000c\000o\000r\000d\000\040\000m\000o\000d\000u\000l\000e}{paragraph*.296}% 168
\BOOKMARK [5][-]{subparagraph*.370}{\376\377\000o\000p\000i\000h\000i\000e\000x\000a\000r\000a\000t\000a\000.\000l\000i\000b\000r\000a\000r\000y\000.\000p\000a\000t\000h\000\040\000m\000o\000d\000u\000l\000e}{paragraph*.296}% 169
\BOOKMARK [5][-]{subparagraph*.378}{\376\377\000o\000p\000i\000h\000i\000e\000x\000a\000r\000a\000t\000a\000.\000l\000i\000b\000r\000a\000r\000y\000.\000p\000h\000o\000t\000o\000t\000a\000b\000l\000e\000\040\000m\000o\000d\000u\000l\000e}{paragraph*.296}% 170
\BOOKMARK [5][-]{subparagraph*.381}{\376\377\000o\000p\000i\000h\000i\000e\000x\000a\000r\000a\000t\000a\000.\000l\000i\000b\000r\000a\000r\000y\000.\000t\000e\000m\000p\000o\000r\000a\000r\000y\000\040\000m\000o\000d\000u\000l\000e}{paragraph*.296}% 171
\BOOKMARK [5][-]{subparagraph*.386}{\376\377\000M\000o\000d\000u\000l\000e\000\040\000c\000o\000n\000t\000e\000n\000t\000s}{paragraph*.296}% 172
\BOOKMARK [4][-]{paragraph*.387}{\376\377\000o\000p\000i\000h\000i\000e\000x\000a\000r\000a\000t\000a\000.\000o\000p\000i\000h\000i\000\040\000p\000a\000c\000k\000a\000g\000e}{subsubsection*.161}% 173
\BOOKMARK [5][-]{subparagraph*.388}{\376\377\000S\000u\000b\000m\000o\000d\000u\000l\000e\000s}{paragraph*.387}% 174
\BOOKMARK [5][-]{subparagraph*.389}{\376\377\000o\000p\000i\000h\000i\000e\000x\000a\000r\000a\000t\000a\000.\000o\000p\000i\000h\000i\000.\000p\000r\000e\000p\000r\000o\000c\000e\000s\000s\000\040\000m\000o\000d\000u\000l\000e}{paragraph*.387}% 175
\BOOKMARK [5][-]{subparagraph*.413}{\376\377\000o\000p\000i\000h\000i\000e\000x\000a\000r\000a\000t\000a\000.\000o\000p\000i\000h\000i\000.\000s\000o\000l\000u\000t\000i\000o\000n\000\040\000m\000o\000d\000u\000l\000e}{paragraph*.387}% 176
\BOOKMARK [5][-]{subparagraph*.433}{\376\377\000M\000o\000d\000u\000l\000e\000\040\000c\000o\000n\000t\000e\000n\000t\000s}{paragraph*.387}% 177
\BOOKMARK [4][-]{paragraph*.434}{\376\377\000o\000p\000i\000h\000i\000e\000x\000a\000r\000a\000t\000a\000.\000o\000r\000b\000i\000t\000\040\000p\000a\000c\000k\000a\000g\000e}{subsubsection*.161}% 178
\BOOKMARK [5][-]{subparagraph*.435}{\376\377\000S\000u\000b\000m\000o\000d\000u\000l\000e\000s}{paragraph*.434}% 179
\BOOKMARK [5][-]{subparagraph*.436}{\376\377\000o\000p\000i\000h\000i\000e\000x\000a\000r\000a\000t\000a\000.\000o\000r\000b\000i\000t\000.\000c\000u\000s\000t\000o\000m\000\040\000m\000o\000d\000u\000l\000e}{paragraph*.434}% 180
\BOOKMARK [5][-]{subparagraph*.452}{\376\377\000o\000p\000i\000h\000i\000e\000x\000a\000r\000a\000t\000a\000.\000o\000r\000b\000i\000t\000.\000o\000r\000b\000f\000i\000t\000\040\000m\000o\000d\000u\000l\000e}{paragraph*.434}% 181
\BOOKMARK [5][-]{subparagraph*.462}{\376\377\000o\000p\000i\000h\000i\000e\000x\000a\000r\000a\000t\000a\000.\000o\000r\000b\000i\000t\000.\000s\000o\000l\000u\000t\000i\000o\000n\000\040\000m\000o\000d\000u\000l\000e}{paragraph*.434}% 182
\BOOKMARK [5][-]{subparagraph*.484}{\376\377\000M\000o\000d\000u\000l\000e\000\040\000c\000o\000n\000t\000e\000n\000t\000s}{paragraph*.434}% 183
\BOOKMARK [4][-]{paragraph*.485}{\376\377\000o\000p\000i\000h\000i\000e\000x\000a\000r\000a\000t\000a\000.\000p\000h\000o\000t\000o\000m\000e\000t\000r\000y\000\040\000p\000a\000c\000k\000a\000g\000e}{subsubsection*.161}% 184
\BOOKMARK [5][-]{subparagraph*.486}{\376\377\000S\000u\000b\000m\000o\000d\000u\000l\000e\000s}{paragraph*.485}% 185
\BOOKMARK [5][-]{subparagraph*.487}{\376\377\000o\000p\000i\000h\000i\000e\000x\000a\000r\000a\000t\000a\000.\000p\000h\000o\000t\000o\000m\000e\000t\000r\000y\000.\000p\000a\000n\000s\000t\000a\000r\000r\000s\000\040\000m\000o\000d\000u\000l\000e}{paragraph*.485}% 186
\BOOKMARK [5][-]{subparagraph*.493}{\376\377\000o\000p\000i\000h\000i\000e\000x\000a\000r\000a\000t\000a\000.\000p\000h\000o\000t\000o\000m\000e\000t\000r\000y\000.\000s\000o\000l\000u\000t\000i\000o\000n\000\040\000m\000o\000d\000u\000l\000e}{paragraph*.485}% 187
\BOOKMARK [5][-]{subparagraph*.512}{\376\377\000M\000o\000d\000u\000l\000e\000\040\000c\000o\000n\000t\000e\000n\000t\000s}{paragraph*.485}% 188
\BOOKMARK [4][-]{paragraph*.513}{\376\377\000o\000p\000i\000h\000i\000e\000x\000a\000r\000a\000t\000a\000.\000p\000r\000o\000p\000a\000g\000a\000t\000e\000\040\000p\000a\000c\000k\000a\000g\000e}{subsubsection*.161}% 189
\BOOKMARK [5][-]{subparagraph*.514}{\376\377\000S\000u\000b\000m\000o\000d\000u\000l\000e\000s}{paragraph*.513}% 190
\BOOKMARK [5][-]{subparagraph*.515}{\376\377\000o\000p\000i\000h\000i\000e\000x\000a\000r\000a\000t\000a\000.\000p\000r\000o\000p\000a\000g\000a\000t\000e\000.\000p\000o\000l\000y\000n\000o\000m\000i\000a\000l\000\040\000m\000o\000d\000u\000l\000e}{paragraph*.513}% 191
\BOOKMARK [5][-]{subparagraph*.532}{\376\377\000o\000p\000i\000h\000i\000e\000x\000a\000r\000a\000t\000a\000.\000p\000r\000o\000p\000a\000g\000a\000t\000e\000.\000s\000o\000l\000u\000t\000i\000o\000n\000\040\000m\000o\000d\000u\000l\000e}{paragraph*.513}% 192
\BOOKMARK [5][-]{subparagraph*.549}{\376\377\000M\000o\000d\000u\000l\000e\000\040\000c\000o\000n\000t\000e\000n\000t\000s}{paragraph*.513}% 193
\BOOKMARK [3][-]{subsubsection*.550}{\376\377\000M\000o\000d\000u\000l\000e\000\040\000c\000o\000n\000t\000e\000n\000t\000s}{subsection.3.1.1}% 194
\BOOKMARK [0][-]{chapter*.552}{\376\377\000P\000y\000t\000h\000o\000n\000\040\000M\000o\000d\000u\000l\000e\000\040\000I\000n\000d\000e\000x}{}% 195
\BOOKMARK [0][-]{chapter*.554}{\376\377\000I\000n\000d\000e\000x}{}% 196
